CRITICAL - 2024-10-31 16:55:20 --> A non-numeric value encountered
#0 /home/99/syd1601/services.dreamhive.co.jp/realestate/app/Controllers/Evaluation.php(33): CodeIgniter\Debug\Exceptions->errorHandler(2, 'A non-numeric v...', '/home/99/syd160...', 33, Array)
#1 /home/99/syd1601/services.dreamhive.co.jp/realestate/system/CodeIgniter.php(832): App\Controllers\Evaluation->getEvaluationValues()
#2 /home/99/syd1601/services.dreamhive.co.jp/realestate/system/CodeIgniter.php(419): CodeIgniter\CodeIgniter->runController(Object(App\Controllers\Evaluation))
#3 /home/99/syd1601/services.dreamhive.co.jp/realestate/system/CodeIgniter.php(326): CodeIgniter\CodeIgniter->handleRequest(NULL, Object(Config\Cache), false)
#4 /home/99/syd1601/services.dreamhive.co.jp/realestate/index.php(37): CodeIgniter\CodeIgniter->run()
#5 {main}
CRITICAL - 2024-10-31 16:55:23 --> A non-numeric value encountered
#0 /home/99/syd1601/services.dreamhive.co.jp/realestate/app/Controllers/Evaluation.php(33): CodeIgniter\Debug\Exceptions->errorHandler(2, 'A non-numeric v...', '/home/99/syd160...', 33, Array)
#1 /home/99/syd1601/services.dreamhive.co.jp/realestate/system/CodeIgniter.php(832): App\Controllers\Evaluation->getEvaluationValues()
#2 /home/99/syd1601/services.dreamhive.co.jp/realestate/system/CodeIgniter.php(419): CodeIgniter\CodeIgniter->runController(Object(App\Controllers\Evaluation))
#3 /home/99/syd1601/services.dreamhive.co.jp/realestate/system/CodeIgniter.php(326): CodeIgniter\CodeIgniter->handleRequest(NULL, Object(Config\Cache), false)
#4 /home/99/syd1601/services.dreamhive.co.jp/realestate/index.php(37): CodeIgniter\CodeIgniter->run()
#5 {main}
CRITICAL - 2024-10-31 16:55:27 --> A non-numeric value encountered
#0 /home/99/syd1601/services.dreamhive.co.jp/realestate/app/Controllers/Evaluation.php(33): CodeIgniter\Debug\Exceptions->errorHandler(2, 'A non-numeric v...', '/home/99/syd160...', 33, Array)
#1 /home/99/syd1601/services.dreamhive.co.jp/realestate/system/CodeIgniter.php(832): App\Controllers\Evaluation->getEvaluationValues()
#2 /home/99/syd1601/services.dreamhive.co.jp/realestate/system/CodeIgniter.php(419): CodeIgniter\CodeIgniter->runController(Object(App\Controllers\Evaluation))
#3 /home/99/syd1601/services.dreamhive.co.jp/realestate/system/CodeIgniter.php(326): CodeIgniter\CodeIgniter->handleRequest(NULL, Object(Config\Cache), false)
#4 /home/99/syd1601/services.dreamhive.co.jp/realestate/index.php(37): CodeIgniter\CodeIgniter->run()
#5 {main}
CRITICAL - 2024-10-31 16:55:31 --> A non-numeric value encountered
#0 /home/99/syd1601/services.dreamhive.co.jp/realestate/app/Controllers/Evaluation.php(33): CodeIgniter\Debug\Exceptions->errorHandler(2, 'A non-numeric v...', '/home/99/syd160...', 33, Array)
#1 /home/99/syd1601/services.dreamhive.co.jp/realestate/system/CodeIgniter.php(832): App\Controllers\Evaluation->getEvaluationValues()
#2 /home/99/syd1601/services.dreamhive.co.jp/realestate/system/CodeIgniter.php(419): CodeIgniter\CodeIgniter->runController(Object(App\Controllers\Evaluation))
#3 /home/99/syd1601/services.dreamhive.co.jp/realestate/system/CodeIgniter.php(326): CodeIgniter\CodeIgniter->handleRequest(NULL, Object(Config\Cache), false)
#4 /home/99/syd1601/services.dreamhive.co.jp/realestate/index.php(37): CodeIgniter\CodeIgniter->run()
#5 {main}
CRITICAL - 2024-10-31 16:55:35 --> A non-numeric value encountered
#0 /home/99/syd1601/services.dreamhive.co.jp/realestate/app/Controllers/Evaluation.php(33): CodeIgniter\Debug\Exceptions->errorHandler(2, 'A non-numeric v...', '/home/99/syd160...', 33, Array)
#1 /home/99/syd1601/services.dreamhive.co.jp/realestate/system/CodeIgniter.php(832): App\Controllers\Evaluation->getEvaluationValues()
#2 /home/99/syd1601/services.dreamhive.co.jp/realestate/system/CodeIgniter.php(419): CodeIgniter\CodeIgniter->runController(Object(App\Controllers\Evaluation))
#3 /home/99/syd1601/services.dreamhive.co.jp/realestate/system/CodeIgniter.php(326): CodeIgniter\CodeIgniter->handleRequest(NULL, Object(Config\Cache), false)
#4 /home/99/syd1601/services.dreamhive.co.jp/realestate/index.php(37): CodeIgniter\CodeIgniter->run()
#5 {main}
CRITICAL - 2024-10-31 16:55:39 --> A non-numeric value encountered
#0 /home/99/syd1601/services.dreamhive.co.jp/realestate/app/Controllers/Evaluation.php(50): CodeIgniter\Debug\Exceptions->errorHandler(2, 'A non-numeric v...', '/home/99/syd160...', 50, Array)
#1 /home/99/syd1601/services.dreamhive.co.jp/realestate/system/CodeIgniter.php(832): App\Controllers\Evaluation->getEvaluationValues()
#2 /home/99/syd1601/services.dreamhive.co.jp/realestate/system/CodeIgniter.php(419): CodeIgniter\CodeIgniter->runController(Object(App\Controllers\Evaluation))
#3 /home/99/syd1601/services.dreamhive.co.jp/realestate/system/CodeIgniter.php(326): CodeIgniter\CodeIgniter->handleRequest(NULL, Object(Config\Cache), false)
#4 /home/99/syd1601/services.dreamhive.co.jp/realestate/index.php(37): CodeIgniter\CodeIgniter->run()
#5 {main}
CRITICAL - 2024-10-31 16:55:42 --> A non-numeric value encountered
#0 /home/99/syd1601/services.dreamhive.co.jp/realestate/app/Controllers/Evaluation.php(50): CodeIgniter\Debug\Exceptions->errorHandler(2, 'A non-numeric v...', '/home/99/syd160...', 50, Array)
#1 /home/99/syd1601/services.dreamhive.co.jp/realestate/system/CodeIgniter.php(832): App\Controllers\Evaluation->getEvaluationValues()
#2 /home/99/syd1601/services.dreamhive.co.jp/realestate/system/CodeIgniter.php(419): CodeIgniter\CodeIgniter->runController(Object(App\Controllers\Evaluation))
#3 /home/99/syd1601/services.dreamhive.co.jp/realestate/system/CodeIgniter.php(326): CodeIgniter\CodeIgniter->handleRequest(NULL, Object(Config\Cache), false)
#4 /home/99/syd1601/services.dreamhive.co.jp/realestate/index.php(37): CodeIgniter\CodeIgniter->run()
#5 {main}
CRITICAL - 2024-10-31 16:55:43 --> A non-numeric value encountered
#0 /home/99/syd1601/services.dreamhive.co.jp/realestate/app/Controllers/Evaluation.php(50): CodeIgniter\Debug\Exceptions->errorHandler(2, 'A non-numeric v...', '/home/99/syd160...', 50, Array)
#1 /home/99/syd1601/services.dreamhive.co.jp/realestate/system/CodeIgniter.php(832): App\Controllers\Evaluation->getEvaluationValues()
#2 /home/99/syd1601/services.dreamhive.co.jp/realestate/system/CodeIgniter.php(419): CodeIgniter\CodeIgniter->runController(Object(App\Controllers\Evaluation))
#3 /home/99/syd1601/services.dreamhive.co.jp/realestate/system/CodeIgniter.php(326): CodeIgniter\CodeIgniter->handleRequest(NULL, Object(Config\Cache), false)
#4 /home/99/syd1601/services.dreamhive.co.jp/realestate/index.php(37): CodeIgniter\CodeIgniter->run()
#5 {main}
CRITICAL - 2024-10-31 16:55:46 --> A non-numeric value encountered
#0 /home/99/syd1601/services.dreamhive.co.jp/realestate/app/Controllers/Evaluation.php(50): CodeIgniter\Debug\Exceptions->errorHandler(2, 'A non-numeric v...', '/home/99/syd160...', 50, Array)
#1 /home/99/syd1601/services.dreamhive.co.jp/realestate/system/CodeIgniter.php(832): App\Controllers\Evaluation->getEvaluationValues()
#2 /home/99/syd1601/services.dreamhive.co.jp/realestate/system/CodeIgniter.php(419): CodeIgniter\CodeIgniter->runController(Object(App\Controllers\Evaluation))
#3 /home/99/syd1601/services.dreamhive.co.jp/realestate/system/CodeIgniter.php(326): CodeIgniter\CodeIgniter->handleRequest(NULL, Object(Config\Cache), false)
#4 /home/99/syd1601/services.dreamhive.co.jp/realestate/index.php(37): CodeIgniter\CodeIgniter->run()
#5 {main}
CRITICAL - 2024-10-31 16:55:51 --> A non-numeric value encountered
#0 /home/99/syd1601/services.dreamhive.co.jp/realestate/app/Controllers/Evaluation.php(50): CodeIgniter\Debug\Exceptions->errorHandler(2, 'A non-numeric v...', '/home/99/syd160...', 50, Array)
#1 /home/99/syd1601/services.dreamhive.co.jp/realestate/system/CodeIgniter.php(832): App\Controllers\Evaluation->getEvaluationValues()
#2 /home/99/syd1601/services.dreamhive.co.jp/realestate/system/CodeIgniter.php(419): CodeIgniter\CodeIgniter->runController(Object(App\Controllers\Evaluation))
#3 /home/99/syd1601/services.dreamhive.co.jp/realestate/system/CodeIgniter.php(326): CodeIgniter\CodeIgniter->handleRequest(NULL, Object(Config\Cache), false)
#4 /home/99/syd1601/services.dreamhive.co.jp/realestate/index.php(37): CodeIgniter\CodeIgniter->run()
#5 {main}
CRITICAL - 2024-10-31 17:17:06 --> A non-numeric value encountered
#0 /home/99/syd1601/services.dreamhive.co.jp/realestate/app/Controllers/Evaluation.php(33): CodeIgniter\Debug\Exceptions->errorHandler(2, 'A non-numeric v...', '/home/99/syd160...', 33, Array)
#1 /home/99/syd1601/services.dreamhive.co.jp/realestate/system/CodeIgniter.php(832): App\Controllers\Evaluation->getEvaluationValues()
#2 /home/99/syd1601/services.dreamhive.co.jp/realestate/system/CodeIgniter.php(419): CodeIgniter\CodeIgniter->runController(Object(App\Controllers\Evaluation))
#3 /home/99/syd1601/services.dreamhive.co.jp/realestate/system/CodeIgniter.php(326): CodeIgniter\CodeIgniter->handleRequest(NULL, Object(Config\Cache), false)
#4 /home/99/syd1601/services.dreamhive.co.jp/realestate/index.php(37): CodeIgniter\CodeIgniter->run()
#5 {main}
CRITICAL - 2024-10-31 17:17:09 --> A non-numeric value encountered
#0 /home/99/syd1601/services.dreamhive.co.jp/realestate/app/Controllers/Evaluation.php(33): CodeIgniter\Debug\Exceptions->errorHandler(2, 'A non-numeric v...', '/home/99/syd160...', 33, Array)
#1 /home/99/syd1601/services.dreamhive.co.jp/realestate/system/CodeIgniter.php(832): App\Controllers\Evaluation->getEvaluationValues()
#2 /home/99/syd1601/services.dreamhive.co.jp/realestate/system/CodeIgniter.php(419): CodeIgniter\CodeIgniter->runController(Object(App\Controllers\Evaluation))
#3 /home/99/syd1601/services.dreamhive.co.jp/realestate/system/CodeIgniter.php(326): CodeIgniter\CodeIgniter->handleRequest(NULL, Object(Config\Cache), false)
#4 /home/99/syd1601/services.dreamhive.co.jp/realestate/index.php(37): CodeIgniter\CodeIgniter->run()
#5 {main}
CRITICAL - 2024-10-31 17:17:20 --> A non-numeric value encountered
#0 /home/99/syd1601/services.dreamhive.co.jp/realestate/app/Controllers/Evaluation.php(33): CodeIgniter\Debug\Exceptions->errorHandler(2, 'A non-numeric v...', '/home/99/syd160...', 33, Array)
#1 /home/99/syd1601/services.dreamhive.co.jp/realestate/system/CodeIgniter.php(832): App\Controllers\Evaluation->getEvaluationValues()
#2 /home/99/syd1601/services.dreamhive.co.jp/realestate/system/CodeIgniter.php(419): CodeIgniter\CodeIgniter->runController(Object(App\Controllers\Evaluation))
#3 /home/99/syd1601/services.dreamhive.co.jp/realestate/system/CodeIgniter.php(326): CodeIgniter\CodeIgniter->handleRequest(NULL, Object(Config\Cache), false)
#4 /home/99/syd1601/services.dreamhive.co.jp/realestate/index.php(37): CodeIgniter\CodeIgniter->run()
#5 {main}
CRITICAL - 2024-10-31 17:17:52 --> A non-numeric value encountered
#0 /home/99/syd1601/services.dreamhive.co.jp/realestate/app/Controllers/Evaluation.php(33): CodeIgniter\Debug\Exceptions->errorHandler(2, 'A non-numeric v...', '/home/99/syd160...', 33, Array)
#1 /home/99/syd1601/services.dreamhive.co.jp/realestate/system/CodeIgniter.php(832): App\Controllers\Evaluation->getEvaluationValues()
#2 /home/99/syd1601/services.dreamhive.co.jp/realestate/system/CodeIgniter.php(419): CodeIgniter\CodeIgniter->runController(Object(App\Controllers\Evaluation))
#3 /home/99/syd1601/services.dreamhive.co.jp/realestate/system/CodeIgniter.php(326): CodeIgniter\CodeIgniter->handleRequest(NULL, Object(Config\Cache), false)
#4 /home/99/syd1601/services.dreamhive.co.jp/realestate/index.php(37): CodeIgniter\CodeIgniter->run()
#5 {main}
CRITICAL - 2024-10-31 17:17:55 --> A non-numeric value encountered
#0 /home/99/syd1601/services.dreamhive.co.jp/realestate/app/Controllers/Evaluation.php(33): CodeIgniter\Debug\Exceptions->errorHandler(2, 'A non-numeric v...', '/home/99/syd160...', 33, Array)
#1 /home/99/syd1601/services.dreamhive.co.jp/realestate/system/CodeIgniter.php(832): App\Controllers\Evaluation->getEvaluationValues()
#2 /home/99/syd1601/services.dreamhive.co.jp/realestate/system/CodeIgniter.php(419): CodeIgniter\CodeIgniter->runController(Object(App\Controllers\Evaluation))
#3 /home/99/syd1601/services.dreamhive.co.jp/realestate/system/CodeIgniter.php(326): CodeIgniter\CodeIgniter->handleRequest(NULL, Object(Config\Cache), false)
#4 /home/99/syd1601/services.dreamhive.co.jp/realestate/index.php(37): CodeIgniter\CodeIgniter->run()
#5 {main}
CRITICAL - 2024-10-31 17:18:05 --> A non-numeric value encountered
#0 /home/99/syd1601/services.dreamhive.co.jp/realestate/app/Controllers/Evaluation.php(33): CodeIgniter\Debug\Exceptions->errorHandler(2, 'A non-numeric v...', '/home/99/syd160...', 33, Array)
#1 /home/99/syd1601/services.dreamhive.co.jp/realestate/system/CodeIgniter.php(832): App\Controllers\Evaluation->getEvaluationValues()
#2 /home/99/syd1601/services.dreamhive.co.jp/realestate/system/CodeIgniter.php(419): CodeIgniter\CodeIgniter->runController(Object(App\Controllers\Evaluation))
#3 /home/99/syd1601/services.dreamhive.co.jp/realestate/system/CodeIgniter.php(326): CodeIgniter\CodeIgniter->handleRequest(NULL, Object(Config\Cache), false)
#4 /home/99/syd1601/services.dreamhive.co.jp/realestate/index.php(37): CodeIgniter\CodeIgniter->run()
#5 {main}
CRITICAL - 2024-10-31 17:18:08 --> A non-numeric value encountered
#0 /home/99/syd1601/services.dreamhive.co.jp/realestate/app/Controllers/Evaluation.php(50): CodeIgniter\Debug\Exceptions->errorHandler(2, 'A non-numeric v...', '/home/99/syd160...', 50, Array)
#1 /home/99/syd1601/services.dreamhive.co.jp/realestate/system/CodeIgniter.php(832): App\Controllers\Evaluation->getEvaluationValues()
#2 /home/99/syd1601/services.dreamhive.co.jp/realestate/system/CodeIgniter.php(419): CodeIgniter\CodeIgniter->runController(Object(App\Controllers\Evaluation))
#3 /home/99/syd1601/services.dreamhive.co.jp/realestate/system/CodeIgniter.php(326): CodeIgniter\CodeIgniter->handleRequest(NULL, Object(Config\Cache), false)
#4 /home/99/syd1601/services.dreamhive.co.jp/realestate/index.php(37): CodeIgniter\CodeIgniter->run()
#5 {main}
CRITICAL - 2024-10-31 17:18:13 --> A non-numeric value encountered
#0 /home/99/syd1601/services.dreamhive.co.jp/realestate/app/Controllers/Evaluation.php(50): CodeIgniter\Debug\Exceptions->errorHandler(2, 'A non-numeric v...', '/home/99/syd160...', 50, Array)
#1 /home/99/syd1601/services.dreamhive.co.jp/realestate/system/CodeIgniter.php(832): App\Controllers\Evaluation->getEvaluationValues()
#2 /home/99/syd1601/services.dreamhive.co.jp/realestate/system/CodeIgniter.php(419): CodeIgniter\CodeIgniter->runController(Object(App\Controllers\Evaluation))
#3 /home/99/syd1601/services.dreamhive.co.jp/realestate/system/CodeIgniter.php(326): CodeIgniter\CodeIgniter->handleRequest(NULL, Object(Config\Cache), false)
#4 /home/99/syd1601/services.dreamhive.co.jp/realestate/index.php(37): CodeIgniter\CodeIgniter->run()
#5 {main}
CRITICAL - 2024-10-31 17:18:15 --> A non-numeric value encountered
#0 /home/99/syd1601/services.dreamhive.co.jp/realestate/app/Controllers/Evaluation.php(50): CodeIgniter\Debug\Exceptions->errorHandler(2, 'A non-numeric v...', '/home/99/syd160...', 50, Array)
#1 /home/99/syd1601/services.dreamhive.co.jp/realestate/system/CodeIgniter.php(832): App\Controllers\Evaluation->getEvaluationValues()
#2 /home/99/syd1601/services.dreamhive.co.jp/realestate/system/CodeIgniter.php(419): CodeIgniter\CodeIgniter->runController(Object(App\Controllers\Evaluation))
#3 /home/99/syd1601/services.dreamhive.co.jp/realestate/system/CodeIgniter.php(326): CodeIgniter\CodeIgniter->handleRequest(NULL, Object(Config\Cache), false)
#4 /home/99/syd1601/services.dreamhive.co.jp/realestate/index.php(37): CodeIgniter\CodeIgniter->run()
#5 {main}
CRITICAL - 2024-10-31 17:18:19 --> A non-numeric value encountered
#0 /home/99/syd1601/services.dreamhive.co.jp/realestate/app/Controllers/Evaluation.php(50): CodeIgniter\Debug\Exceptions->errorHandler(2, 'A non-numeric v...', '/home/99/syd160...', 50, Array)
#1 /home/99/syd1601/services.dreamhive.co.jp/realestate/system/CodeIgniter.php(832): App\Controllers\Evaluation->getEvaluationValues()
#2 /home/99/syd1601/services.dreamhive.co.jp/realestate/system/CodeIgniter.php(419): CodeIgniter\CodeIgniter->runController(Object(App\Controllers\Evaluation))
#3 /home/99/syd1601/services.dreamhive.co.jp/realestate/system/CodeIgniter.php(326): CodeIgniter\CodeIgniter->handleRequest(NULL, Object(Config\Cache), false)
#4 /home/99/syd1601/services.dreamhive.co.jp/realestate/index.php(37): CodeIgniter\CodeIgniter->run()
#5 {main}
CRITICAL - 2024-10-31 17:18:23 --> A non-numeric value encountered
#0 /home/99/syd1601/services.dreamhive.co.jp/realestate/app/Controllers/Evaluation.php(50): CodeIgniter\Debug\Exceptions->errorHandler(2, 'A non-numeric v...', '/home/99/syd160...', 50, Array)
#1 /home/99/syd1601/services.dreamhive.co.jp/realestate/system/CodeIgniter.php(832): App\Controllers\Evaluation->getEvaluationValues()
#2 /home/99/syd1601/services.dreamhive.co.jp/realestate/system/CodeIgniter.php(419): CodeIgniter\CodeIgniter->runController(Object(App\Controllers\Evaluation))
#3 /home/99/syd1601/services.dreamhive.co.jp/realestate/system/CodeIgniter.php(326): CodeIgniter\CodeIgniter->handleRequest(NULL, Object(Config\Cache), false)
#4 /home/99/syd1601/services.dreamhive.co.jp/realestate/index.php(37): CodeIgniter\CodeIgniter->run()
#5 {main}
CRITICAL - 2024-10-31 17:18:28 --> A non-numeric value encountered
#0 /home/99/syd1601/services.dreamhive.co.jp/realestate/app/Controllers/Evaluation.php(50): CodeIgniter\Debug\Exceptions->errorHandler(2, 'A non-numeric v...', '/home/99/syd160...', 50, Array)
#1 /home/99/syd1601/services.dreamhive.co.jp/realestate/system/CodeIgniter.php(832): App\Controllers\Evaluation->getEvaluationValues()
#2 /home/99/syd1601/services.dreamhive.co.jp/realestate/system/CodeIgniter.php(419): CodeIgniter\CodeIgniter->runController(Object(App\Controllers\Evaluation))
#3 /home/99/syd1601/services.dreamhive.co.jp/realestate/system/CodeIgniter.php(326): CodeIgniter\CodeIgniter->handleRequest(NULL, Object(Config\Cache), false)
#4 /home/99/syd1601/services.dreamhive.co.jp/realestate/index.php(37): CodeIgniter\CodeIgniter->run()
#5 {main}
CRITICAL - 2024-10-31 17:18:34 --> count(): Parameter must be an array or an object that implements Countable
#0 [internal function]: CodeIgniter\Debug\Exceptions->errorHandler(2, 'count(): Parame...', '/home/99/syd160...', 353, Array)
#1 /home/99/syd1601/services.dreamhive.co.jp/realestate/app/Models/IntegrationModel.php(353): count('0')
#2 /home/99/syd1601/services.dreamhive.co.jp/realestate/app/Models/IntegrationModel.php(368): App\Models\IntegrationModel->getBuildingPrice()
#3 /home/99/syd1601/services.dreamhive.co.jp/realestate/app/Models/IntegrationModel.php(124): App\Models\IntegrationModel->getCurrentPrice()
#4 /home/99/syd1601/services.dreamhive.co.jp/realestate/app/Models/IntegrationModel.php(292): App\Models\IntegrationModel->setParams(Array)
#5 /home/99/syd1601/services.dreamhive.co.jp/realestate/app/Controllers/Evaluation.php(53): App\Models\IntegrationModel->getResults(Array)
#6 /home/99/syd1601/services.dreamhive.co.jp/realestate/system/CodeIgniter.php(832): App\Controllers\Evaluation->getEvaluationValues()
#7 /home/99/syd1601/services.dreamhive.co.jp/realestate/system/CodeIgniter.php(419): CodeIgniter\CodeIgniter->runController(Object(App\Controllers\Evaluation))
#8 /home/99/syd1601/services.dreamhive.co.jp/realestate/system/CodeIgniter.php(326): CodeIgniter\CodeIgniter->handleRequest(NULL, Object(Config\Cache), false)
#9 /home/99/syd1601/services.dreamhive.co.jp/realestate/index.php(37): CodeIgniter\CodeIgniter->run()
#10 {main}
CRITICAL - 2024-10-31 17:18:37 --> count(): Parameter must be an array or an object that implements Countable
#0 [internal function]: CodeIgniter\Debug\Exceptions->errorHandler(2, 'count(): Parame...', '/home/99/syd160...', 353, Array)
#1 /home/99/syd1601/services.dreamhive.co.jp/realestate/app/Models/IntegrationModel.php(353): count('0')
#2 /home/99/syd1601/services.dreamhive.co.jp/realestate/app/Models/IntegrationModel.php(368): App\Models\IntegrationModel->getBuildingPrice()
#3 /home/99/syd1601/services.dreamhive.co.jp/realestate/app/Models/IntegrationModel.php(124): App\Models\IntegrationModel->getCurrentPrice()
#4 /home/99/syd1601/services.dreamhive.co.jp/realestate/app/Models/IntegrationModel.php(292): App\Models\IntegrationModel->setParams(Array)
#5 /home/99/syd1601/services.dreamhive.co.jp/realestate/app/Controllers/Evaluation.php(53): App\Models\IntegrationModel->getResults(Array)
#6 /home/99/syd1601/services.dreamhive.co.jp/realestate/system/CodeIgniter.php(832): App\Controllers\Evaluation->getEvaluationValues()
#7 /home/99/syd1601/services.dreamhive.co.jp/realestate/system/CodeIgniter.php(419): CodeIgniter\CodeIgniter->runController(Object(App\Controllers\Evaluation))
#8 /home/99/syd1601/services.dreamhive.co.jp/realestate/system/CodeIgniter.php(326): CodeIgniter\CodeIgniter->handleRequest(NULL, Object(Config\Cache), false)
#9 /home/99/syd1601/services.dreamhive.co.jp/realestate/index.php(37): CodeIgniter\CodeIgniter->run()
#10 {main}
CRITICAL - 2024-10-31 17:18:49 --> count(): Parameter must be an array or an object that implements Countable
#0 [internal function]: CodeIgniter\Debug\Exceptions->errorHandler(2, 'count(): Parame...', '/home/99/syd160...', 353, Array)
#1 /home/99/syd1601/services.dreamhive.co.jp/realestate/app/Models/IntegrationModel.php(353): count('0')
#2 /home/99/syd1601/services.dreamhive.co.jp/realestate/app/Models/IntegrationModel.php(368): App\Models\IntegrationModel->getBuildingPrice()
#3 /home/99/syd1601/services.dreamhive.co.jp/realestate/app/Models/IntegrationModel.php(124): App\Models\IntegrationModel->getCurrentPrice()
#4 /home/99/syd1601/services.dreamhive.co.jp/realestate/app/Models/IntegrationModel.php(292): App\Models\IntegrationModel->setParams(Array)
#5 /home/99/syd1601/services.dreamhive.co.jp/realestate/app/Controllers/Evaluation.php(53): App\Models\IntegrationModel->getResults(Array)
#6 /home/99/syd1601/services.dreamhive.co.jp/realestate/system/CodeIgniter.php(832): App\Controllers\Evaluation->getEvaluationValues()
#7 /home/99/syd1601/services.dreamhive.co.jp/realestate/system/CodeIgniter.php(419): CodeIgniter\CodeIgniter->runController(Object(App\Controllers\Evaluation))
#8 /home/99/syd1601/services.dreamhive.co.jp/realestate/system/CodeIgniter.php(326): CodeIgniter\CodeIgniter->handleRequest(NULL, Object(Config\Cache), false)
#9 /home/99/syd1601/services.dreamhive.co.jp/realestate/index.php(37): CodeIgniter\CodeIgniter->run()
#10 {main}
CRITICAL - 2024-10-31 17:18:53 --> count(): Parameter must be an array or an object that implements Countable
#0 [internal function]: CodeIgniter\Debug\Exceptions->errorHandler(2, 'count(): Parame...', '/home/99/syd160...', 353, Array)
#1 /home/99/syd1601/services.dreamhive.co.jp/realestate/app/Models/IntegrationModel.php(353): count('0')
#2 /home/99/syd1601/services.dreamhive.co.jp/realestate/app/Models/IntegrationModel.php(368): App\Models\IntegrationModel->getBuildingPrice()
#3 /home/99/syd1601/services.dreamhive.co.jp/realestate/app/Models/IntegrationModel.php(124): App\Models\IntegrationModel->getCurrentPrice()
#4 /home/99/syd1601/services.dreamhive.co.jp/realestate/app/Models/IntegrationModel.php(292): App\Models\IntegrationModel->setParams(Array)
#5 /home/99/syd1601/services.dreamhive.co.jp/realestate/app/Controllers/Evaluation.php(53): App\Models\IntegrationModel->getResults(Array)
#6 /home/99/syd1601/services.dreamhive.co.jp/realestate/system/CodeIgniter.php(832): App\Controllers\Evaluation->getEvaluationValues()
#7 /home/99/syd1601/services.dreamhive.co.jp/realestate/system/CodeIgniter.php(419): CodeIgniter\CodeIgniter->runController(Object(App\Controllers\Evaluation))
#8 /home/99/syd1601/services.dreamhive.co.jp/realestate/system/CodeIgniter.php(326): CodeIgniter\CodeIgniter->handleRequest(NULL, Object(Config\Cache), false)
#9 /home/99/syd1601/services.dreamhive.co.jp/realestate/index.php(37): CodeIgniter\CodeIgniter->run()
#10 {main}
CRITICAL - 2024-10-31 17:18:57 --> count(): Parameter must be an array or an object that implements Countable
#0 [internal function]: CodeIgniter\Debug\Exceptions->errorHandler(2, 'count(): Parame...', '/home/99/syd160...', 353, Array)
#1 /home/99/syd1601/services.dreamhive.co.jp/realestate/app/Models/IntegrationModel.php(353): count('0')
#2 /home/99/syd1601/services.dreamhive.co.jp/realestate/app/Models/IntegrationModel.php(368): App\Models\IntegrationModel->getBuildingPrice()
#3 /home/99/syd1601/services.dreamhive.co.jp/realestate/app/Models/IntegrationModel.php(124): App\Models\IntegrationModel->getCurrentPrice()
#4 /home/99/syd1601/services.dreamhive.co.jp/realestate/app/Models/IntegrationModel.php(292): App\Models\IntegrationModel->setParams(Array)
#5 /home/99/syd1601/services.dreamhive.co.jp/realestate/app/Controllers/Evaluation.php(53): App\Models\IntegrationModel->getResults(Array)
#6 /home/99/syd1601/services.dreamhive.co.jp/realestate/system/CodeIgniter.php(832): App\Controllers\Evaluation->getEvaluationValues()
#7 /home/99/syd1601/services.dreamhive.co.jp/realestate/system/CodeIgniter.php(419): CodeIgniter\CodeIgniter->runController(Object(App\Controllers\Evaluation))
#8 /home/99/syd1601/services.dreamhive.co.jp/realestate/system/CodeIgniter.php(326): CodeIgniter\CodeIgniter->handleRequest(NULL, Object(Config\Cache), false)
#9 /home/99/syd1601/services.dreamhive.co.jp/realestate/index.php(37): CodeIgniter\CodeIgniter->run()
#10 {main}
CRITICAL - 2024-10-31 17:31:51 --> count(): Parameter must be an array or an object that implements Countable
#0 [internal function]: CodeIgniter\Debug\Exceptions->errorHandler(2, 'count(): Parame...', '/home/99/syd160...', 353, Array)
#1 /home/99/syd1601/services.dreamhive.co.jp/realestate/app/Models/IntegrationModel.php(353): count('0')
#2 /home/99/syd1601/services.dreamhive.co.jp/realestate/app/Models/IntegrationModel.php(368): App\Models\IntegrationModel->getBuildingPrice()
#3 /home/99/syd1601/services.dreamhive.co.jp/realestate/app/Models/IntegrationModel.php(124): App\Models\IntegrationModel->getCurrentPrice()
#4 /home/99/syd1601/services.dreamhive.co.jp/realestate/app/Models/IntegrationModel.php(292): App\Models\IntegrationModel->setParams(Array)
#5 /home/99/syd1601/services.dreamhive.co.jp/realestate/app/Controllers/Evaluation.php(53): App\Models\IntegrationModel->getResults(Array)
#6 /home/99/syd1601/services.dreamhive.co.jp/realestate/system/CodeIgniter.php(832): App\Controllers\Evaluation->getEvaluationValues()
#7 /home/99/syd1601/services.dreamhive.co.jp/realestate/system/CodeIgniter.php(419): CodeIgniter\CodeIgniter->runController(Object(App\Controllers\Evaluation))
#8 /home/99/syd1601/services.dreamhive.co.jp/realestate/system/CodeIgniter.php(326): CodeIgniter\CodeIgniter->handleRequest(NULL, Object(Config\Cache), false)
#9 /home/99/syd1601/services.dreamhive.co.jp/realestate/index.php(37): CodeIgniter\CodeIgniter->run()
#10 {main}
CRITICAL - 2024-10-31 17:31:53 --> count(): Parameter must be an array or an object that implements Countable
#0 [internal function]: CodeIgniter\Debug\Exceptions->errorHandler(2, 'count(): Parame...', '/home/99/syd160...', 353, Array)
#1 /home/99/syd1601/services.dreamhive.co.jp/realestate/app/Models/IntegrationModel.php(353): count('0')
#2 /home/99/syd1601/services.dreamhive.co.jp/realestate/app/Models/IntegrationModel.php(368): App\Models\IntegrationModel->getBuildingPrice()
#3 /home/99/syd1601/services.dreamhive.co.jp/realestate/app/Models/IntegrationModel.php(124): App\Models\IntegrationModel->getCurrentPrice()
#4 /home/99/syd1601/services.dreamhive.co.jp/realestate/app/Models/IntegrationModel.php(292): App\Models\IntegrationModel->setParams(Array)
#5 /home/99/syd1601/services.dreamhive.co.jp/realestate/app/Controllers/Evaluation.php(53): App\Models\IntegrationModel->getResults(Array)
#6 /home/99/syd1601/services.dreamhive.co.jp/realestate/system/CodeIgniter.php(832): App\Controllers\Evaluation->getEvaluationValues()
#7 /home/99/syd1601/services.dreamhive.co.jp/realestate/system/CodeIgniter.php(419): CodeIgniter\CodeIgniter->runController(Object(App\Controllers\Evaluation))
#8 /home/99/syd1601/services.dreamhive.co.jp/realestate/system/CodeIgniter.php(326): CodeIgniter\CodeIgniter->handleRequest(NULL, Object(Config\Cache), false)
#9 /home/99/syd1601/services.dreamhive.co.jp/realestate/index.php(37): CodeIgniter\CodeIgniter->run()
#10 {main}
CRITICAL - 2024-10-31 17:31:54 --> count(): Parameter must be an array or an object that implements Countable
#0 [internal function]: CodeIgniter\Debug\Exceptions->errorHandler(2, 'count(): Parame...', '/home/99/syd160...', 353, Array)
#1 /home/99/syd1601/services.dreamhive.co.jp/realestate/app/Models/IntegrationModel.php(353): count('0')
#2 /home/99/syd1601/services.dreamhive.co.jp/realestate/app/Models/IntegrationModel.php(368): App\Models\IntegrationModel->getBuildingPrice()
#3 /home/99/syd1601/services.dreamhive.co.jp/realestate/app/Models/IntegrationModel.php(124): App\Models\IntegrationModel->getCurrentPrice()
#4 /home/99/syd1601/services.dreamhive.co.jp/realestate/app/Models/IntegrationModel.php(292): App\Models\IntegrationModel->setParams(Array)
#5 /home/99/syd1601/services.dreamhive.co.jp/realestate/app/Controllers/Evaluation.php(53): App\Models\IntegrationModel->getResults(Array)
#6 /home/99/syd1601/services.dreamhive.co.jp/realestate/system/CodeIgniter.php(832): App\Controllers\Evaluation->getEvaluationValues()
#7 /home/99/syd1601/services.dreamhive.co.jp/realestate/system/CodeIgniter.php(419): CodeIgniter\CodeIgniter->runController(Object(App\Controllers\Evaluation))
#8 /home/99/syd1601/services.dreamhive.co.jp/realestate/system/CodeIgniter.php(326): CodeIgniter\CodeIgniter->handleRequest(NULL, Object(Config\Cache), false)
#9 /home/99/syd1601/services.dreamhive.co.jp/realestate/index.php(37): CodeIgniter\CodeIgniter->run()
#10 {main}
