CRITICAL - 2024-11-15 22:33:55 --> A non-numeric value encountered
#0 /home/99/syd1601/services.dreamhive.co.jp/realestate/app/Controllers/Evaluation.php(33): CodeIgniter\Debug\Exceptions->errorHandler(2, 'A non-numeric v...', '/home/99/syd160...', 33, Array)
#1 /home/99/syd1601/services.dreamhive.co.jp/realestate/system/CodeIgniter.php(832): App\Controllers\Evaluation->getEvaluationValues()
#2 /home/99/syd1601/services.dreamhive.co.jp/realestate/system/CodeIgniter.php(419): CodeIgniter\CodeIgniter->runController(Object(App\Controllers\Evaluation))
#3 /home/99/syd1601/services.dreamhive.co.jp/realestate/system/CodeIgniter.php(326): CodeIgniter\CodeIgniter->handleRequest(NULL, Object(Config\Cache), false)
#4 /home/99/syd1601/services.dreamhive.co.jp/realestate/index.php(37): CodeIgniter\CodeIgniter->run()
#5 {main}
CRITICAL - 2024-11-15 22:33:56 --> A non-numeric value encountered
#0 /home/99/syd1601/services.dreamhive.co.jp/realestate/app/Controllers/Evaluation.php(33): CodeIgniter\Debug\Exceptions->errorHandler(2, 'A non-numeric v...', '/home/99/syd160...', 33, Array)
#1 /home/99/syd1601/services.dreamhive.co.jp/realestate/system/CodeIgniter.php(832): App\Controllers\Evaluation->getEvaluationValues()
#2 /home/99/syd1601/services.dreamhive.co.jp/realestate/system/CodeIgniter.php(419): CodeIgniter\CodeIgniter->runController(Object(App\Controllers\Evaluation))
#3 /home/99/syd1601/services.dreamhive.co.jp/realestate/system/CodeIgniter.php(326): CodeIgniter\CodeIgniter->handleRequest(NULL, Object(Config\Cache), false)
#4 /home/99/syd1601/services.dreamhive.co.jp/realestate/index.php(37): CodeIgniter\CodeIgniter->run()
#5 {main}
CRITICAL - 2024-11-15 22:34:06 --> A non-numeric value encountered
#0 /home/99/syd1601/services.dreamhive.co.jp/realestate/app/Controllers/Evaluation.php(33): CodeIgniter\Debug\Exceptions->errorHandler(2, 'A non-numeric v...', '/home/99/syd160...', 33, Array)
#1 /home/99/syd1601/services.dreamhive.co.jp/realestate/system/CodeIgniter.php(832): App\Controllers\Evaluation->getEvaluationValues()
#2 /home/99/syd1601/services.dreamhive.co.jp/realestate/system/CodeIgniter.php(419): CodeIgniter\CodeIgniter->runController(Object(App\Controllers\Evaluation))
#3 /home/99/syd1601/services.dreamhive.co.jp/realestate/system/CodeIgniter.php(326): CodeIgniter\CodeIgniter->handleRequest(NULL, Object(Config\Cache), false)
#4 /home/99/syd1601/services.dreamhive.co.jp/realestate/index.php(37): CodeIgniter\CodeIgniter->run()
#5 {main}
CRITICAL - 2024-11-15 22:34:21 --> A non-numeric value encountered
#0 /home/99/syd1601/services.dreamhive.co.jp/realestate/app/Controllers/Evaluation.php(33): CodeIgniter\Debug\Exceptions->errorHandler(2, 'A non-numeric v...', '/home/99/syd160...', 33, Array)
#1 /home/99/syd1601/services.dreamhive.co.jp/realestate/system/CodeIgniter.php(832): App\Controllers\Evaluation->getEvaluationValues()
#2 /home/99/syd1601/services.dreamhive.co.jp/realestate/system/CodeIgniter.php(419): CodeIgniter\CodeIgniter->runController(Object(App\Controllers\Evaluation))
#3 /home/99/syd1601/services.dreamhive.co.jp/realestate/system/CodeIgniter.php(326): CodeIgniter\CodeIgniter->handleRequest(NULL, Object(Config\Cache), false)
#4 /home/99/syd1601/services.dreamhive.co.jp/realestate/index.php(37): CodeIgniter\CodeIgniter->run()
#5 {main}
CRITICAL - 2024-11-15 22:34:34 --> A non-numeric value encountered
#0 /home/99/syd1601/services.dreamhive.co.jp/realestate/app/Controllers/Evaluation.php(33): CodeIgniter\Debug\Exceptions->errorHandler(2, 'A non-numeric v...', '/home/99/syd160...', 33, Array)
#1 /home/99/syd1601/services.dreamhive.co.jp/realestate/system/CodeIgniter.php(832): App\Controllers\Evaluation->getEvaluationValues()
#2 /home/99/syd1601/services.dreamhive.co.jp/realestate/system/CodeIgniter.php(419): CodeIgniter\CodeIgniter->runController(Object(App\Controllers\Evaluation))
#3 /home/99/syd1601/services.dreamhive.co.jp/realestate/system/CodeIgniter.php(326): CodeIgniter\CodeIgniter->handleRequest(NULL, Object(Config\Cache), false)
#4 /home/99/syd1601/services.dreamhive.co.jp/realestate/index.php(37): CodeIgniter\CodeIgniter->run()
#5 {main}
CRITICAL - 2024-11-15 22:34:35 --> A non-numeric value encountered
#0 /home/99/syd1601/services.dreamhive.co.jp/realestate/app/Controllers/Evaluation.php(33): CodeIgniter\Debug\Exceptions->errorHandler(2, 'A non-numeric v...', '/home/99/syd160...', 33, Array)
#1 /home/99/syd1601/services.dreamhive.co.jp/realestate/system/CodeIgniter.php(832): App\Controllers\Evaluation->getEvaluationValues()
#2 /home/99/syd1601/services.dreamhive.co.jp/realestate/system/CodeIgniter.php(419): CodeIgniter\CodeIgniter->runController(Object(App\Controllers\Evaluation))
#3 /home/99/syd1601/services.dreamhive.co.jp/realestate/system/CodeIgniter.php(326): CodeIgniter\CodeIgniter->handleRequest(NULL, Object(Config\Cache), false)
#4 /home/99/syd1601/services.dreamhive.co.jp/realestate/index.php(37): CodeIgniter\CodeIgniter->run()
#5 {main}
CRITICAL - 2024-11-15 22:34:43 --> A non-numeric value encountered
#0 /home/99/syd1601/services.dreamhive.co.jp/realestate/app/Controllers/Evaluation.php(33): CodeIgniter\Debug\Exceptions->errorHandler(2, 'A non-numeric v...', '/home/99/syd160...', 33, Array)
#1 /home/99/syd1601/services.dreamhive.co.jp/realestate/system/CodeIgniter.php(832): App\Controllers\Evaluation->getEvaluationValues()
#2 /home/99/syd1601/services.dreamhive.co.jp/realestate/system/CodeIgniter.php(419): CodeIgniter\CodeIgniter->runController(Object(App\Controllers\Evaluation))
#3 /home/99/syd1601/services.dreamhive.co.jp/realestate/system/CodeIgniter.php(326): CodeIgniter\CodeIgniter->handleRequest(NULL, Object(Config\Cache), false)
#4 /home/99/syd1601/services.dreamhive.co.jp/realestate/index.php(37): CodeIgniter\CodeIgniter->run()
#5 {main}
CRITICAL - 2024-11-15 22:34:47 --> A non-numeric value encountered
#0 /home/99/syd1601/services.dreamhive.co.jp/realestate/app/Controllers/Evaluation.php(50): CodeIgniter\Debug\Exceptions->errorHandler(2, 'A non-numeric v...', '/home/99/syd160...', 50, Array)
#1 /home/99/syd1601/services.dreamhive.co.jp/realestate/system/CodeIgniter.php(832): App\Controllers\Evaluation->getEvaluationValues()
#2 /home/99/syd1601/services.dreamhive.co.jp/realestate/system/CodeIgniter.php(419): CodeIgniter\CodeIgniter->runController(Object(App\Controllers\Evaluation))
#3 /home/99/syd1601/services.dreamhive.co.jp/realestate/system/CodeIgniter.php(326): CodeIgniter\CodeIgniter->handleRequest(NULL, Object(Config\Cache), false)
#4 /home/99/syd1601/services.dreamhive.co.jp/realestate/index.php(37): CodeIgniter\CodeIgniter->run()
#5 {main}
CRITICAL - 2024-11-15 22:34:48 --> A non-numeric value encountered
#0 /home/99/syd1601/services.dreamhive.co.jp/realestate/app/Controllers/Evaluation.php(50): CodeIgniter\Debug\Exceptions->errorHandler(2, 'A non-numeric v...', '/home/99/syd160...', 50, Array)
#1 /home/99/syd1601/services.dreamhive.co.jp/realestate/system/CodeIgniter.php(832): App\Controllers\Evaluation->getEvaluationValues()
#2 /home/99/syd1601/services.dreamhive.co.jp/realestate/system/CodeIgniter.php(419): CodeIgniter\CodeIgniter->runController(Object(App\Controllers\Evaluation))
#3 /home/99/syd1601/services.dreamhive.co.jp/realestate/system/CodeIgniter.php(326): CodeIgniter\CodeIgniter->handleRequest(NULL, Object(Config\Cache), false)
#4 /home/99/syd1601/services.dreamhive.co.jp/realestate/index.php(37): CodeIgniter\CodeIgniter->run()
#5 {main}
CRITICAL - 2024-11-15 22:34:52 --> A non-numeric value encountered
#0 /home/99/syd1601/services.dreamhive.co.jp/realestate/app/Controllers/Evaluation.php(50): CodeIgniter\Debug\Exceptions->errorHandler(2, 'A non-numeric v...', '/home/99/syd160...', 50, Array)
#1 /home/99/syd1601/services.dreamhive.co.jp/realestate/system/CodeIgniter.php(832): App\Controllers\Evaluation->getEvaluationValues()
#2 /home/99/syd1601/services.dreamhive.co.jp/realestate/system/CodeIgniter.php(419): CodeIgniter\CodeIgniter->runController(Object(App\Controllers\Evaluation))
#3 /home/99/syd1601/services.dreamhive.co.jp/realestate/system/CodeIgniter.php(326): CodeIgniter\CodeIgniter->handleRequest(NULL, Object(Config\Cache), false)
#4 /home/99/syd1601/services.dreamhive.co.jp/realestate/index.php(37): CodeIgniter\CodeIgniter->run()
#5 {main}
CRITICAL - 2024-11-15 22:34:55 --> A non-numeric value encountered
#0 /home/99/syd1601/services.dreamhive.co.jp/realestate/app/Controllers/Evaluation.php(50): CodeIgniter\Debug\Exceptions->errorHandler(2, 'A non-numeric v...', '/home/99/syd160...', 50, Array)
#1 /home/99/syd1601/services.dreamhive.co.jp/realestate/system/CodeIgniter.php(832): App\Controllers\Evaluation->getEvaluationValues()
#2 /home/99/syd1601/services.dreamhive.co.jp/realestate/system/CodeIgniter.php(419): CodeIgniter\CodeIgniter->runController(Object(App\Controllers\Evaluation))
#3 /home/99/syd1601/services.dreamhive.co.jp/realestate/system/CodeIgniter.php(326): CodeIgniter\CodeIgniter->handleRequest(NULL, Object(Config\Cache), false)
#4 /home/99/syd1601/services.dreamhive.co.jp/realestate/index.php(37): CodeIgniter\CodeIgniter->run()
#5 {main}
CRITICAL - 2024-11-15 22:34:59 --> A non-numeric value encountered
#0 /home/99/syd1601/services.dreamhive.co.jp/realestate/app/Controllers/Evaluation.php(50): CodeIgniter\Debug\Exceptions->errorHandler(2, 'A non-numeric v...', '/home/99/syd160...', 50, Array)
#1 /home/99/syd1601/services.dreamhive.co.jp/realestate/system/CodeIgniter.php(832): App\Controllers\Evaluation->getEvaluationValues()
#2 /home/99/syd1601/services.dreamhive.co.jp/realestate/system/CodeIgniter.php(419): CodeIgniter\CodeIgniter->runController(Object(App\Controllers\Evaluation))
#3 /home/99/syd1601/services.dreamhive.co.jp/realestate/system/CodeIgniter.php(326): CodeIgniter\CodeIgniter->handleRequest(NULL, Object(Config\Cache), false)
#4 /home/99/syd1601/services.dreamhive.co.jp/realestate/index.php(37): CodeIgniter\CodeIgniter->run()
#5 {main}
CRITICAL - 2024-11-15 22:35:02 --> A non-numeric value encountered
#0 /home/99/syd1601/services.dreamhive.co.jp/realestate/app/Controllers/Evaluation.php(50): CodeIgniter\Debug\Exceptions->errorHandler(2, 'A non-numeric v...', '/home/99/syd160...', 50, Array)
#1 /home/99/syd1601/services.dreamhive.co.jp/realestate/system/CodeIgniter.php(832): App\Controllers\Evaluation->getEvaluationValues()
#2 /home/99/syd1601/services.dreamhive.co.jp/realestate/system/CodeIgniter.php(419): CodeIgniter\CodeIgniter->runController(Object(App\Controllers\Evaluation))
#3 /home/99/syd1601/services.dreamhive.co.jp/realestate/system/CodeIgniter.php(326): CodeIgniter\CodeIgniter->handleRequest(NULL, Object(Config\Cache), false)
#4 /home/99/syd1601/services.dreamhive.co.jp/realestate/index.php(37): CodeIgniter\CodeIgniter->run()
#5 {main}
CRITICAL - 2024-11-15 22:35:03 --> A non-numeric value encountered
#0 /home/99/syd1601/services.dreamhive.co.jp/realestate/app/Controllers/Evaluation.php(50): CodeIgniter\Debug\Exceptions->errorHandler(2, 'A non-numeric v...', '/home/99/syd160...', 50, Array)
#1 /home/99/syd1601/services.dreamhive.co.jp/realestate/system/CodeIgniter.php(832): App\Controllers\Evaluation->getEvaluationValues()
#2 /home/99/syd1601/services.dreamhive.co.jp/realestate/system/CodeIgniter.php(419): CodeIgniter\CodeIgniter->runController(Object(App\Controllers\Evaluation))
#3 /home/99/syd1601/services.dreamhive.co.jp/realestate/system/CodeIgniter.php(326): CodeIgniter\CodeIgniter->handleRequest(NULL, Object(Config\Cache), false)
#4 /home/99/syd1601/services.dreamhive.co.jp/realestate/index.php(37): CodeIgniter\CodeIgniter->run()
#5 {main}
CRITICAL - 2024-11-15 22:35:06 --> A non-numeric value encountered
#0 /home/99/syd1601/services.dreamhive.co.jp/realestate/app/Controllers/Evaluation.php(50): CodeIgniter\Debug\Exceptions->errorHandler(2, 'A non-numeric v...', '/home/99/syd160...', 50, Array)
#1 /home/99/syd1601/services.dreamhive.co.jp/realestate/system/CodeIgniter.php(832): App\Controllers\Evaluation->getEvaluationValues()
#2 /home/99/syd1601/services.dreamhive.co.jp/realestate/system/CodeIgniter.php(419): CodeIgniter\CodeIgniter->runController(Object(App\Controllers\Evaluation))
#3 /home/99/syd1601/services.dreamhive.co.jp/realestate/system/CodeIgniter.php(326): CodeIgniter\CodeIgniter->handleRequest(NULL, Object(Config\Cache), false)
#4 /home/99/syd1601/services.dreamhive.co.jp/realestate/index.php(37): CodeIgniter\CodeIgniter->run()
#5 {main}
CRITICAL - 2024-11-15 22:35:07 --> A non-numeric value encountered
#0 /home/99/syd1601/services.dreamhive.co.jp/realestate/app/Controllers/Evaluation.php(50): CodeIgniter\Debug\Exceptions->errorHandler(2, 'A non-numeric v...', '/home/99/syd160...', 50, Array)
#1 /home/99/syd1601/services.dreamhive.co.jp/realestate/system/CodeIgniter.php(832): App\Controllers\Evaluation->getEvaluationValues()
#2 /home/99/syd1601/services.dreamhive.co.jp/realestate/system/CodeIgniter.php(419): CodeIgniter\CodeIgniter->runController(Object(App\Controllers\Evaluation))
#3 /home/99/syd1601/services.dreamhive.co.jp/realestate/system/CodeIgniter.php(326): CodeIgniter\CodeIgniter->handleRequest(NULL, Object(Config\Cache), false)
#4 /home/99/syd1601/services.dreamhive.co.jp/realestate/index.php(37): CodeIgniter\CodeIgniter->run()
#5 {main}
CRITICAL - 2024-11-15 22:35:11 --> count(): Parameter must be an array or an object that implements Countable
#0 [internal function]: CodeIgniter\Debug\Exceptions->errorHandler(2, 'count(): Parame...', '/home/99/syd160...', 353, Array)
#1 /home/99/syd1601/services.dreamhive.co.jp/realestate/app/Models/IntegrationModel.php(353): count('0')
#2 /home/99/syd1601/services.dreamhive.co.jp/realestate/app/Models/IntegrationModel.php(368): App\Models\IntegrationModel->getBuildingPrice()
#3 /home/99/syd1601/services.dreamhive.co.jp/realestate/app/Models/IntegrationModel.php(124): App\Models\IntegrationModel->getCurrentPrice()
#4 /home/99/syd1601/services.dreamhive.co.jp/realestate/app/Models/IntegrationModel.php(292): App\Models\IntegrationModel->setParams(Array)
#5 /home/99/syd1601/services.dreamhive.co.jp/realestate/app/Controllers/Evaluation.php(53): App\Models\IntegrationModel->getResults(Array)
#6 /home/99/syd1601/services.dreamhive.co.jp/realestate/system/CodeIgniter.php(832): App\Controllers\Evaluation->getEvaluationValues()
#7 /home/99/syd1601/services.dreamhive.co.jp/realestate/system/CodeIgniter.php(419): CodeIgniter\CodeIgniter->runController(Object(App\Controllers\Evaluation))
#8 /home/99/syd1601/services.dreamhive.co.jp/realestate/system/CodeIgniter.php(326): CodeIgniter\CodeIgniter->handleRequest(NULL, Object(Config\Cache), false)
#9 /home/99/syd1601/services.dreamhive.co.jp/realestate/index.php(37): CodeIgniter\CodeIgniter->run()
#10 {main}
CRITICAL - 2024-11-15 22:35:15 --> count(): Parameter must be an array or an object that implements Countable
#0 [internal function]: CodeIgniter\Debug\Exceptions->errorHandler(2, 'count(): Parame...', '/home/99/syd160...', 353, Array)
#1 /home/99/syd1601/services.dreamhive.co.jp/realestate/app/Models/IntegrationModel.php(353): count('0')
#2 /home/99/syd1601/services.dreamhive.co.jp/realestate/app/Models/IntegrationModel.php(368): App\Models\IntegrationModel->getBuildingPrice()
#3 /home/99/syd1601/services.dreamhive.co.jp/realestate/app/Models/IntegrationModel.php(124): App\Models\IntegrationModel->getCurrentPrice()
#4 /home/99/syd1601/services.dreamhive.co.jp/realestate/app/Models/IntegrationModel.php(292): App\Models\IntegrationModel->setParams(Array)
#5 /home/99/syd1601/services.dreamhive.co.jp/realestate/app/Controllers/Evaluation.php(53): App\Models\IntegrationModel->getResults(Array)
#6 /home/99/syd1601/services.dreamhive.co.jp/realestate/system/CodeIgniter.php(832): App\Controllers\Evaluation->getEvaluationValues()
#7 /home/99/syd1601/services.dreamhive.co.jp/realestate/system/CodeIgniter.php(419): CodeIgniter\CodeIgniter->runController(Object(App\Controllers\Evaluation))
#8 /home/99/syd1601/services.dreamhive.co.jp/realestate/system/CodeIgniter.php(326): CodeIgniter\CodeIgniter->handleRequest(NULL, Object(Config\Cache), false)
#9 /home/99/syd1601/services.dreamhive.co.jp/realestate/index.php(37): CodeIgniter\CodeIgniter->run()
#10 {main}
CRITICAL - 2024-11-15 22:35:16 --> count(): Parameter must be an array or an object that implements Countable
#0 [internal function]: CodeIgniter\Debug\Exceptions->errorHandler(2, 'count(): Parame...', '/home/99/syd160...', 353, Array)
#1 /home/99/syd1601/services.dreamhive.co.jp/realestate/app/Models/IntegrationModel.php(353): count('0')
#2 /home/99/syd1601/services.dreamhive.co.jp/realestate/app/Models/IntegrationModel.php(368): App\Models\IntegrationModel->getBuildingPrice()
#3 /home/99/syd1601/services.dreamhive.co.jp/realestate/app/Models/IntegrationModel.php(124): App\Models\IntegrationModel->getCurrentPrice()
#4 /home/99/syd1601/services.dreamhive.co.jp/realestate/app/Models/IntegrationModel.php(292): App\Models\IntegrationModel->setParams(Array)
#5 /home/99/syd1601/services.dreamhive.co.jp/realestate/app/Controllers/Evaluation.php(53): App\Models\IntegrationModel->getResults(Array)
#6 /home/99/syd1601/services.dreamhive.co.jp/realestate/system/CodeIgniter.php(832): App\Controllers\Evaluation->getEvaluationValues()
#7 /home/99/syd1601/services.dreamhive.co.jp/realestate/system/CodeIgniter.php(419): CodeIgniter\CodeIgniter->runController(Object(App\Controllers\Evaluation))
#8 /home/99/syd1601/services.dreamhive.co.jp/realestate/system/CodeIgniter.php(326): CodeIgniter\CodeIgniter->handleRequest(NULL, Object(Config\Cache), false)
#9 /home/99/syd1601/services.dreamhive.co.jp/realestate/index.php(37): CodeIgniter\CodeIgniter->run()
#10 {main}
CRITICAL - 2024-11-15 22:35:19 --> count(): Parameter must be an array or an object that implements Countable
#0 [internal function]: CodeIgniter\Debug\Exceptions->errorHandler(2, 'count(): Parame...', '/home/99/syd160...', 353, Array)
#1 /home/99/syd1601/services.dreamhive.co.jp/realestate/app/Models/IntegrationModel.php(353): count('0')
#2 /home/99/syd1601/services.dreamhive.co.jp/realestate/app/Models/IntegrationModel.php(368): App\Models\IntegrationModel->getBuildingPrice()
#3 /home/99/syd1601/services.dreamhive.co.jp/realestate/app/Models/IntegrationModel.php(124): App\Models\IntegrationModel->getCurrentPrice()
#4 /home/99/syd1601/services.dreamhive.co.jp/realestate/app/Models/IntegrationModel.php(292): App\Models\IntegrationModel->setParams(Array)
#5 /home/99/syd1601/services.dreamhive.co.jp/realestate/app/Controllers/Evaluation.php(53): App\Models\IntegrationModel->getResults(Array)
#6 /home/99/syd1601/services.dreamhive.co.jp/realestate/system/CodeIgniter.php(832): App\Controllers\Evaluation->getEvaluationValues()
#7 /home/99/syd1601/services.dreamhive.co.jp/realestate/system/CodeIgniter.php(419): CodeIgniter\CodeIgniter->runController(Object(App\Controllers\Evaluation))
#8 /home/99/syd1601/services.dreamhive.co.jp/realestate/system/CodeIgniter.php(326): CodeIgniter\CodeIgniter->handleRequest(NULL, Object(Config\Cache), false)
#9 /home/99/syd1601/services.dreamhive.co.jp/realestate/index.php(37): CodeIgniter\CodeIgniter->run()
#10 {main}
CRITICAL - 2024-11-15 22:35:20 --> count(): Parameter must be an array or an object that implements Countable
#0 [internal function]: CodeIgniter\Debug\Exceptions->errorHandler(2, 'count(): Parame...', '/home/99/syd160...', 353, Array)
#1 /home/99/syd1601/services.dreamhive.co.jp/realestate/app/Models/IntegrationModel.php(353): count('0')
#2 /home/99/syd1601/services.dreamhive.co.jp/realestate/app/Models/IntegrationModel.php(368): App\Models\IntegrationModel->getBuildingPrice()
#3 /home/99/syd1601/services.dreamhive.co.jp/realestate/app/Models/IntegrationModel.php(124): App\Models\IntegrationModel->getCurrentPrice()
#4 /home/99/syd1601/services.dreamhive.co.jp/realestate/app/Models/IntegrationModel.php(292): App\Models\IntegrationModel->setParams(Array)
#5 /home/99/syd1601/services.dreamhive.co.jp/realestate/app/Controllers/Evaluation.php(53): App\Models\IntegrationModel->getResults(Array)
#6 /home/99/syd1601/services.dreamhive.co.jp/realestate/system/CodeIgniter.php(832): App\Controllers\Evaluation->getEvaluationValues()
#7 /home/99/syd1601/services.dreamhive.co.jp/realestate/system/CodeIgniter.php(419): CodeIgniter\CodeIgniter->runController(Object(App\Controllers\Evaluation))
#8 /home/99/syd1601/services.dreamhive.co.jp/realestate/system/CodeIgniter.php(326): CodeIgniter\CodeIgniter->handleRequest(NULL, Object(Config\Cache), false)
#9 /home/99/syd1601/services.dreamhive.co.jp/realestate/index.php(37): CodeIgniter\CodeIgniter->run()
#10 {main}
CRITICAL - 2024-11-15 22:35:23 --> count(): Parameter must be an array or an object that implements Countable
#0 [internal function]: CodeIgniter\Debug\Exceptions->errorHandler(2, 'count(): Parame...', '/home/99/syd160...', 353, Array)
#1 /home/99/syd1601/services.dreamhive.co.jp/realestate/app/Models/IntegrationModel.php(353): count('0')
#2 /home/99/syd1601/services.dreamhive.co.jp/realestate/app/Models/IntegrationModel.php(368): App\Models\IntegrationModel->getBuildingPrice()
#3 /home/99/syd1601/services.dreamhive.co.jp/realestate/app/Models/IntegrationModel.php(124): App\Models\IntegrationModel->getCurrentPrice()
#4 /home/99/syd1601/services.dreamhive.co.jp/realestate/app/Models/IntegrationModel.php(292): App\Models\IntegrationModel->setParams(Array)
#5 /home/99/syd1601/services.dreamhive.co.jp/realestate/app/Controllers/Evaluation.php(53): App\Models\IntegrationModel->getResults(Array)
#6 /home/99/syd1601/services.dreamhive.co.jp/realestate/system/CodeIgniter.php(832): App\Controllers\Evaluation->getEvaluationValues()
#7 /home/99/syd1601/services.dreamhive.co.jp/realestate/system/CodeIgniter.php(419): CodeIgniter\CodeIgniter->runController(Object(App\Controllers\Evaluation))
#8 /home/99/syd1601/services.dreamhive.co.jp/realestate/system/CodeIgniter.php(326): CodeIgniter\CodeIgniter->handleRequest(NULL, Object(Config\Cache), false)
#9 /home/99/syd1601/services.dreamhive.co.jp/realestate/index.php(37): CodeIgniter\CodeIgniter->run()
#10 {main}
CRITICAL - 2024-11-15 22:35:35 --> count(): Parameter must be an array or an object that implements Countable
#0 [internal function]: CodeIgniter\Debug\Exceptions->errorHandler(2, 'count(): Parame...', '/home/99/syd160...', 353, Array)
#1 /home/99/syd1601/services.dreamhive.co.jp/realestate/app/Models/IntegrationModel.php(353): count('0')
#2 /home/99/syd1601/services.dreamhive.co.jp/realestate/app/Models/IntegrationModel.php(368): App\Models\IntegrationModel->getBuildingPrice()
#3 /home/99/syd1601/services.dreamhive.co.jp/realestate/app/Models/IntegrationModel.php(124): App\Models\IntegrationModel->getCurrentPrice()
#4 /home/99/syd1601/services.dreamhive.co.jp/realestate/app/Models/IntegrationModel.php(292): App\Models\IntegrationModel->setParams(Array)
#5 /home/99/syd1601/services.dreamhive.co.jp/realestate/app/Controllers/Evaluation.php(53): App\Models\IntegrationModel->getResults(Array)
#6 /home/99/syd1601/services.dreamhive.co.jp/realestate/system/CodeIgniter.php(832): App\Controllers\Evaluation->getEvaluationValues()
#7 /home/99/syd1601/services.dreamhive.co.jp/realestate/system/CodeIgniter.php(419): CodeIgniter\CodeIgniter->runController(Object(App\Controllers\Evaluation))
#8 /home/99/syd1601/services.dreamhive.co.jp/realestate/system/CodeIgniter.php(326): CodeIgniter\CodeIgniter->handleRequest(NULL, Object(Config\Cache), false)
#9 /home/99/syd1601/services.dreamhive.co.jp/realestate/index.php(37): CodeIgniter\CodeIgniter->run()
#10 {main}
