CRITICAL - 2023-04-04 15:22:35 --> Argument 1 passed to CodeIgniter\Database\MySQLi\Connection::_escapeString() must be of the type string, null given, called in /home/99/syd1601/services.dreamhive.co.jp/realestate/system/Database/BaseConnection.php on line 1226
#0 /home/99/syd1601/services.dreamhive.co.jp/realestate/system/Database/BaseConnection.php(1226): CodeIgniter\Database\MySQLi\Connection->_escapeString(NULL)
#1 /home/99/syd1601/services.dreamhive.co.jp/realestate/system/Database/BaseConnection.php(1260): CodeIgniter\Database\BaseConnection->escapeString(NULL, true)
#2 /home/99/syd1601/services.dreamhive.co.jp/realestate/app/Models/RosenkaModel.php(31): CodeIgniter\Database\BaseConnection->escapeLikeString(NULL)
#3 /home/99/syd1601/services.dreamhive.co.jp/realestate/app/Controllers/Rosenka.php(66): App\Models\RosenkaModel->getCount(NULL)
#4 /home/99/syd1601/services.dreamhive.co.jp/realestate/system/CodeIgniter.php(832): App\Controllers\Rosenka->getRosenka()
#5 /home/99/syd1601/services.dreamhive.co.jp/realestate/system/CodeIgniter.php(419): CodeIgniter\CodeIgniter->runController(Object(App\Controllers\Rosenka))
#6 /home/99/syd1601/services.dreamhive.co.jp/realestate/system/CodeIgniter.php(326): CodeIgniter\CodeIgniter->handleRequest(NULL, Object(Config\Cache), false)
#7 /home/99/syd1601/services.dreamhive.co.jp/realestate/index.php(37): CodeIgniter\CodeIgniter->run()
#8 {main}
CRITICAL - 2023-04-04 23:20:31 --> A non-numeric value encountered
#0 /home/99/syd1601/services.dreamhive.co.jp/realestate/app/Controllers/Evaluation.php(33): CodeIgniter\Debug\Exceptions->errorHandler(2, 'A non-numeric v...', '/home/99/syd160...', 33, Array)
#1 /home/99/syd1601/services.dreamhive.co.jp/realestate/system/CodeIgniter.php(832): App\Controllers\Evaluation->getEvaluationValues()
#2 /home/99/syd1601/services.dreamhive.co.jp/realestate/system/CodeIgniter.php(419): CodeIgniter\CodeIgniter->runController(Object(App\Controllers\Evaluation))
#3 /home/99/syd1601/services.dreamhive.co.jp/realestate/system/CodeIgniter.php(326): CodeIgniter\CodeIgniter->handleRequest(NULL, Object(Config\Cache), false)
#4 /home/99/syd1601/services.dreamhive.co.jp/realestate/index.php(37): CodeIgniter\CodeIgniter->run()
#5 {main}
CRITICAL - 2023-04-04 23:20:32 --> A non-numeric value encountered
#0 /home/99/syd1601/services.dreamhive.co.jp/realestate/app/Controllers/Evaluation.php(33): CodeIgniter\Debug\Exceptions->errorHandler(2, 'A non-numeric v...', '/home/99/syd160...', 33, Array)
#1 /home/99/syd1601/services.dreamhive.co.jp/realestate/system/CodeIgniter.php(832): App\Controllers\Evaluation->getEvaluationValues()
#2 /home/99/syd1601/services.dreamhive.co.jp/realestate/system/CodeIgniter.php(419): CodeIgniter\CodeIgniter->runController(Object(App\Controllers\Evaluation))
#3 /home/99/syd1601/services.dreamhive.co.jp/realestate/system/CodeIgniter.php(326): CodeIgniter\CodeIgniter->handleRequest(NULL, Object(Config\Cache), false)
#4 /home/99/syd1601/services.dreamhive.co.jp/realestate/index.php(37): CodeIgniter\CodeIgniter->run()
#5 {main}
CRITICAL - 2023-04-04 23:20:35 --> A non-numeric value encountered
#0 /home/99/syd1601/services.dreamhive.co.jp/realestate/app/Controllers/Evaluation.php(33): CodeIgniter\Debug\Exceptions->errorHandler(2, 'A non-numeric v...', '/home/99/syd160...', 33, Array)
#1 /home/99/syd1601/services.dreamhive.co.jp/realestate/system/CodeIgniter.php(832): App\Controllers\Evaluation->getEvaluationValues()
#2 /home/99/syd1601/services.dreamhive.co.jp/realestate/system/CodeIgniter.php(419): CodeIgniter\CodeIgniter->runController(Object(App\Controllers\Evaluation))
#3 /home/99/syd1601/services.dreamhive.co.jp/realestate/system/CodeIgniter.php(326): CodeIgniter\CodeIgniter->handleRequest(NULL, Object(Config\Cache), false)
#4 /home/99/syd1601/services.dreamhive.co.jp/realestate/index.php(37): CodeIgniter\CodeIgniter->run()
#5 {main}
CRITICAL - 2023-04-04 23:24:43 --> A non-numeric value encountered
#0 /home/99/syd1601/services.dreamhive.co.jp/realestate/app/Controllers/Evaluation.php(33): CodeIgniter\Debug\Exceptions->errorHandler(2, 'A non-numeric v...', '/home/99/syd160...', 33, Array)
#1 /home/99/syd1601/services.dreamhive.co.jp/realestate/system/CodeIgniter.php(832): App\Controllers\Evaluation->getEvaluationValues()
#2 /home/99/syd1601/services.dreamhive.co.jp/realestate/system/CodeIgniter.php(419): CodeIgniter\CodeIgniter->runController(Object(App\Controllers\Evaluation))
#3 /home/99/syd1601/services.dreamhive.co.jp/realestate/system/CodeIgniter.php(326): CodeIgniter\CodeIgniter->handleRequest(NULL, Object(Config\Cache), false)
#4 /home/99/syd1601/services.dreamhive.co.jp/realestate/index.php(37): CodeIgniter\CodeIgniter->run()
#5 {main}
CRITICAL - 2023-04-04 23:24:58 --> A non-numeric value encountered
#0 /home/99/syd1601/services.dreamhive.co.jp/realestate/app/Controllers/Evaluation.php(33): CodeIgniter\Debug\Exceptions->errorHandler(2, 'A non-numeric v...', '/home/99/syd160...', 33, Array)
#1 /home/99/syd1601/services.dreamhive.co.jp/realestate/system/CodeIgniter.php(832): App\Controllers\Evaluation->getEvaluationValues()
#2 /home/99/syd1601/services.dreamhive.co.jp/realestate/system/CodeIgniter.php(419): CodeIgniter\CodeIgniter->runController(Object(App\Controllers\Evaluation))
#3 /home/99/syd1601/services.dreamhive.co.jp/realestate/system/CodeIgniter.php(326): CodeIgniter\CodeIgniter->handleRequest(NULL, Object(Config\Cache), false)
#4 /home/99/syd1601/services.dreamhive.co.jp/realestate/index.php(37): CodeIgniter\CodeIgniter->run()
#5 {main}
CRITICAL - 2023-04-04 23:25:29 --> A non-numeric value encountered
#0 /home/99/syd1601/services.dreamhive.co.jp/realestate/app/Controllers/Evaluation.php(33): CodeIgniter\Debug\Exceptions->errorHandler(2, 'A non-numeric v...', '/home/99/syd160...', 33, Array)
#1 /home/99/syd1601/services.dreamhive.co.jp/realestate/system/CodeIgniter.php(832): App\Controllers\Evaluation->getEvaluationValues()
#2 /home/99/syd1601/services.dreamhive.co.jp/realestate/system/CodeIgniter.php(419): CodeIgniter\CodeIgniter->runController(Object(App\Controllers\Evaluation))
#3 /home/99/syd1601/services.dreamhive.co.jp/realestate/system/CodeIgniter.php(326): CodeIgniter\CodeIgniter->handleRequest(NULL, Object(Config\Cache), false)
#4 /home/99/syd1601/services.dreamhive.co.jp/realestate/index.php(37): CodeIgniter\CodeIgniter->run()
#5 {main}
CRITICAL - 2023-04-04 23:26:28 --> A non-numeric value encountered
#0 /home/99/syd1601/services.dreamhive.co.jp/realestate/app/Controllers/Evaluation.php(33): CodeIgniter\Debug\Exceptions->errorHandler(2, 'A non-numeric v...', '/home/99/syd160...', 33, Array)
#1 /home/99/syd1601/services.dreamhive.co.jp/realestate/system/CodeIgniter.php(832): App\Controllers\Evaluation->getEvaluationValues()
#2 /home/99/syd1601/services.dreamhive.co.jp/realestate/system/CodeIgniter.php(419): CodeIgniter\CodeIgniter->runController(Object(App\Controllers\Evaluation))
#3 /home/99/syd1601/services.dreamhive.co.jp/realestate/system/CodeIgniter.php(326): CodeIgniter\CodeIgniter->handleRequest(NULL, Object(Config\Cache), false)
#4 /home/99/syd1601/services.dreamhive.co.jp/realestate/index.php(37): CodeIgniter\CodeIgniter->run()
#5 {main}
CRITICAL - 2023-04-04 23:26:33 --> A non-numeric value encountered
#0 /home/99/syd1601/services.dreamhive.co.jp/realestate/app/Controllers/Evaluation.php(50): CodeIgniter\Debug\Exceptions->errorHandler(2, 'A non-numeric v...', '/home/99/syd160...', 50, Array)
#1 /home/99/syd1601/services.dreamhive.co.jp/realestate/system/CodeIgniter.php(832): App\Controllers\Evaluation->getEvaluationValues()
#2 /home/99/syd1601/services.dreamhive.co.jp/realestate/system/CodeIgniter.php(419): CodeIgniter\CodeIgniter->runController(Object(App\Controllers\Evaluation))
#3 /home/99/syd1601/services.dreamhive.co.jp/realestate/system/CodeIgniter.php(326): CodeIgniter\CodeIgniter->handleRequest(NULL, Object(Config\Cache), false)
#4 /home/99/syd1601/services.dreamhive.co.jp/realestate/index.php(37): CodeIgniter\CodeIgniter->run()
#5 {main}
CRITICAL - 2023-04-04 23:27:19 --> A non-numeric value encountered
#0 /home/99/syd1601/services.dreamhive.co.jp/realestate/app/Controllers/Evaluation.php(50): CodeIgniter\Debug\Exceptions->errorHandler(2, 'A non-numeric v...', '/home/99/syd160...', 50, Array)
#1 /home/99/syd1601/services.dreamhive.co.jp/realestate/system/CodeIgniter.php(832): App\Controllers\Evaluation->getEvaluationValues()
#2 /home/99/syd1601/services.dreamhive.co.jp/realestate/system/CodeIgniter.php(419): CodeIgniter\CodeIgniter->runController(Object(App\Controllers\Evaluation))
#3 /home/99/syd1601/services.dreamhive.co.jp/realestate/system/CodeIgniter.php(326): CodeIgniter\CodeIgniter->handleRequest(NULL, Object(Config\Cache), false)
#4 /home/99/syd1601/services.dreamhive.co.jp/realestate/index.php(37): CodeIgniter\CodeIgniter->run()
#5 {main}
CRITICAL - 2023-04-04 23:27:22 --> A non-numeric value encountered
#0 /home/99/syd1601/services.dreamhive.co.jp/realestate/app/Controllers/Evaluation.php(50): CodeIgniter\Debug\Exceptions->errorHandler(2, 'A non-numeric v...', '/home/99/syd160...', 50, Array)
#1 /home/99/syd1601/services.dreamhive.co.jp/realestate/system/CodeIgniter.php(832): App\Controllers\Evaluation->getEvaluationValues()
#2 /home/99/syd1601/services.dreamhive.co.jp/realestate/system/CodeIgniter.php(419): CodeIgniter\CodeIgniter->runController(Object(App\Controllers\Evaluation))
#3 /home/99/syd1601/services.dreamhive.co.jp/realestate/system/CodeIgniter.php(326): CodeIgniter\CodeIgniter->handleRequest(NULL, Object(Config\Cache), false)
#4 /home/99/syd1601/services.dreamhive.co.jp/realestate/index.php(37): CodeIgniter\CodeIgniter->run()
#5 {main}
CRITICAL - 2023-04-04 23:27:32 --> A non-numeric value encountered
#0 /home/99/syd1601/services.dreamhive.co.jp/realestate/app/Controllers/Evaluation.php(50): CodeIgniter\Debug\Exceptions->errorHandler(2, 'A non-numeric v...', '/home/99/syd160...', 50, Array)
#1 /home/99/syd1601/services.dreamhive.co.jp/realestate/system/CodeIgniter.php(832): App\Controllers\Evaluation->getEvaluationValues()
#2 /home/99/syd1601/services.dreamhive.co.jp/realestate/system/CodeIgniter.php(419): CodeIgniter\CodeIgniter->runController(Object(App\Controllers\Evaluation))
#3 /home/99/syd1601/services.dreamhive.co.jp/realestate/system/CodeIgniter.php(326): CodeIgniter\CodeIgniter->handleRequest(NULL, Object(Config\Cache), false)
#4 /home/99/syd1601/services.dreamhive.co.jp/realestate/index.php(37): CodeIgniter\CodeIgniter->run()
#5 {main}
CRITICAL - 2023-04-04 23:27:37 --> A non-numeric value encountered
#0 /home/99/syd1601/services.dreamhive.co.jp/realestate/app/Controllers/Evaluation.php(50): CodeIgniter\Debug\Exceptions->errorHandler(2, 'A non-numeric v...', '/home/99/syd160...', 50, Array)
#1 /home/99/syd1601/services.dreamhive.co.jp/realestate/system/CodeIgniter.php(832): App\Controllers\Evaluation->getEvaluationValues()
#2 /home/99/syd1601/services.dreamhive.co.jp/realestate/system/CodeIgniter.php(419): CodeIgniter\CodeIgniter->runController(Object(App\Controllers\Evaluation))
#3 /home/99/syd1601/services.dreamhive.co.jp/realestate/system/CodeIgniter.php(326): CodeIgniter\CodeIgniter->handleRequest(NULL, Object(Config\Cache), false)
#4 /home/99/syd1601/services.dreamhive.co.jp/realestate/index.php(37): CodeIgniter\CodeIgniter->run()
#5 {main}
