CRITICAL - 2023-02-11 13:31:48 --> A non-numeric value encountered
#0 /home/99/syd1601/services.dreamhive.co.jp/realestate/app/Controllers/Evaluation.php(33): CodeIgniter\Debug\Exceptions->errorHandler(2, 'A non-numeric v...', '/home/99/syd160...', 33, Array)
#1 /home/99/syd1601/services.dreamhive.co.jp/realestate/system/CodeIgniter.php(832): App\Controllers\Evaluation->getEvaluationValues()
#2 /home/99/syd1601/services.dreamhive.co.jp/realestate/system/CodeIgniter.php(419): CodeIgniter\CodeIgniter->runController(Object(App\Controllers\Evaluation))
#3 /home/99/syd1601/services.dreamhive.co.jp/realestate/system/CodeIgniter.php(326): CodeIgniter\CodeIgniter->handleRequest(NULL, Object(Config\Cache), false)
#4 /home/99/syd1601/services.dreamhive.co.jp/realestate/index.php(37): CodeIgniter\CodeIgniter->run()
#5 {main}
CRITICAL - 2023-02-11 13:32:53 --> A non-numeric value encountered
#0 /home/99/syd1601/services.dreamhive.co.jp/realestate/app/Controllers/Evaluation.php(33): CodeIgniter\Debug\Exceptions->errorHandler(2, 'A non-numeric v...', '/home/99/syd160...', 33, Array)
#1 /home/99/syd1601/services.dreamhive.co.jp/realestate/system/CodeIgniter.php(832): App\Controllers\Evaluation->getEvaluationValues()
#2 /home/99/syd1601/services.dreamhive.co.jp/realestate/system/CodeIgniter.php(419): CodeIgniter\CodeIgniter->runController(Object(App\Controllers\Evaluation))
#3 /home/99/syd1601/services.dreamhive.co.jp/realestate/system/CodeIgniter.php(326): CodeIgniter\CodeIgniter->handleRequest(NULL, Object(Config\Cache), false)
#4 /home/99/syd1601/services.dreamhive.co.jp/realestate/index.php(37): CodeIgniter\CodeIgniter->run()
#5 {main}
CRITICAL - 2023-02-11 13:40:32 --> A non-numeric value encountered
#0 /home/99/syd1601/services.dreamhive.co.jp/realestate/app/Controllers/Evaluation.php(33): CodeIgniter\Debug\Exceptions->errorHandler(2, 'A non-numeric v...', '/home/99/syd160...', 33, Array)
#1 /home/99/syd1601/services.dreamhive.co.jp/realestate/system/CodeIgniter.php(832): App\Controllers\Evaluation->getEvaluationValues()
#2 /home/99/syd1601/services.dreamhive.co.jp/realestate/system/CodeIgniter.php(419): CodeIgniter\CodeIgniter->runController(Object(App\Controllers\Evaluation))
#3 /home/99/syd1601/services.dreamhive.co.jp/realestate/system/CodeIgniter.php(326): CodeIgniter\CodeIgniter->handleRequest(NULL, Object(Config\Cache), false)
#4 /home/99/syd1601/services.dreamhive.co.jp/realestate/index.php(37): CodeIgniter\CodeIgniter->run()
#5 {main}
CRITICAL - 2023-02-11 13:40:49 --> A non-numeric value encountered
#0 /home/99/syd1601/services.dreamhive.co.jp/realestate/app/Controllers/Evaluation.php(33): CodeIgniter\Debug\Exceptions->errorHandler(2, 'A non-numeric v...', '/home/99/syd160...', 33, Array)
#1 /home/99/syd1601/services.dreamhive.co.jp/realestate/system/CodeIgniter.php(832): App\Controllers\Evaluation->getEvaluationValues()
#2 /home/99/syd1601/services.dreamhive.co.jp/realestate/system/CodeIgniter.php(419): CodeIgniter\CodeIgniter->runController(Object(App\Controllers\Evaluation))
#3 /home/99/syd1601/services.dreamhive.co.jp/realestate/system/CodeIgniter.php(326): CodeIgniter\CodeIgniter->handleRequest(NULL, Object(Config\Cache), false)
#4 /home/99/syd1601/services.dreamhive.co.jp/realestate/index.php(37): CodeIgniter\CodeIgniter->run()
#5 {main}
CRITICAL - 2023-02-11 13:42:41 --> A non-numeric value encountered
#0 /home/99/syd1601/services.dreamhive.co.jp/realestate/app/Controllers/Evaluation.php(33): CodeIgniter\Debug\Exceptions->errorHandler(2, 'A non-numeric v...', '/home/99/syd160...', 33, Array)
#1 /home/99/syd1601/services.dreamhive.co.jp/realestate/system/CodeIgniter.php(832): App\Controllers\Evaluation->getEvaluationValues()
#2 /home/99/syd1601/services.dreamhive.co.jp/realestate/system/CodeIgniter.php(419): CodeIgniter\CodeIgniter->runController(Object(App\Controllers\Evaluation))
#3 /home/99/syd1601/services.dreamhive.co.jp/realestate/system/CodeIgniter.php(326): CodeIgniter\CodeIgniter->handleRequest(NULL, Object(Config\Cache), false)
#4 /home/99/syd1601/services.dreamhive.co.jp/realestate/index.php(37): CodeIgniter\CodeIgniter->run()
#5 {main}
CRITICAL - 2023-02-11 13:42:48 --> A non-numeric value encountered
#0 /home/99/syd1601/services.dreamhive.co.jp/realestate/app/Controllers/Evaluation.php(50): CodeIgniter\Debug\Exceptions->errorHandler(2, 'A non-numeric v...', '/home/99/syd160...', 50, Array)
#1 /home/99/syd1601/services.dreamhive.co.jp/realestate/system/CodeIgniter.php(832): App\Controllers\Evaluation->getEvaluationValues()
#2 /home/99/syd1601/services.dreamhive.co.jp/realestate/system/CodeIgniter.php(419): CodeIgniter\CodeIgniter->runController(Object(App\Controllers\Evaluation))
#3 /home/99/syd1601/services.dreamhive.co.jp/realestate/system/CodeIgniter.php(326): CodeIgniter\CodeIgniter->handleRequest(NULL, Object(Config\Cache), false)
#4 /home/99/syd1601/services.dreamhive.co.jp/realestate/index.php(37): CodeIgniter\CodeIgniter->run()
#5 {main}
CRITICAL - 2023-02-11 13:42:59 --> A non-numeric value encountered
#0 /home/99/syd1601/services.dreamhive.co.jp/realestate/app/Controllers/Evaluation.php(50): CodeIgniter\Debug\Exceptions->errorHandler(2, 'A non-numeric v...', '/home/99/syd160...', 50, Array)
#1 /home/99/syd1601/services.dreamhive.co.jp/realestate/system/CodeIgniter.php(832): App\Controllers\Evaluation->getEvaluationValues()
#2 /home/99/syd1601/services.dreamhive.co.jp/realestate/system/CodeIgniter.php(419): CodeIgniter\CodeIgniter->runController(Object(App\Controllers\Evaluation))
#3 /home/99/syd1601/services.dreamhive.co.jp/realestate/system/CodeIgniter.php(326): CodeIgniter\CodeIgniter->handleRequest(NULL, Object(Config\Cache), false)
#4 /home/99/syd1601/services.dreamhive.co.jp/realestate/index.php(37): CodeIgniter\CodeIgniter->run()
#5 {main}
CRITICAL - 2023-02-11 13:43:10 --> A non-numeric value encountered
#0 /home/99/syd1601/services.dreamhive.co.jp/realestate/app/Controllers/Evaluation.php(50): CodeIgniter\Debug\Exceptions->errorHandler(2, 'A non-numeric v...', '/home/99/syd160...', 50, Array)
#1 /home/99/syd1601/services.dreamhive.co.jp/realestate/system/CodeIgniter.php(832): App\Controllers\Evaluation->getEvaluationValues()
#2 /home/99/syd1601/services.dreamhive.co.jp/realestate/system/CodeIgniter.php(419): CodeIgniter\CodeIgniter->runController(Object(App\Controllers\Evaluation))
#3 /home/99/syd1601/services.dreamhive.co.jp/realestate/system/CodeIgniter.php(326): CodeIgniter\CodeIgniter->handleRequest(NULL, Object(Config\Cache), false)
#4 /home/99/syd1601/services.dreamhive.co.jp/realestate/index.php(37): CodeIgniter\CodeIgniter->run()
#5 {main}
CRITICAL - 2023-02-11 13:43:32 --> A non-numeric value encountered
#0 /home/99/syd1601/services.dreamhive.co.jp/realestate/app/Controllers/Evaluation.php(50): CodeIgniter\Debug\Exceptions->errorHandler(2, 'A non-numeric v...', '/home/99/syd160...', 50, Array)
#1 /home/99/syd1601/services.dreamhive.co.jp/realestate/system/CodeIgniter.php(832): App\Controllers\Evaluation->getEvaluationValues()
#2 /home/99/syd1601/services.dreamhive.co.jp/realestate/system/CodeIgniter.php(419): CodeIgniter\CodeIgniter->runController(Object(App\Controllers\Evaluation))
#3 /home/99/syd1601/services.dreamhive.co.jp/realestate/system/CodeIgniter.php(326): CodeIgniter\CodeIgniter->handleRequest(NULL, Object(Config\Cache), false)
#4 /home/99/syd1601/services.dreamhive.co.jp/realestate/index.php(37): CodeIgniter\CodeIgniter->run()
#5 {main}
CRITICAL - 2023-02-11 13:43:32 --> A non-numeric value encountered
#0 /home/99/syd1601/services.dreamhive.co.jp/realestate/app/Controllers/Evaluation.php(50): CodeIgniter\Debug\Exceptions->errorHandler(2, 'A non-numeric v...', '/home/99/syd160...', 50, Array)
#1 /home/99/syd1601/services.dreamhive.co.jp/realestate/system/CodeIgniter.php(832): App\Controllers\Evaluation->getEvaluationValues()
#2 /home/99/syd1601/services.dreamhive.co.jp/realestate/system/CodeIgniter.php(419): CodeIgniter\CodeIgniter->runController(Object(App\Controllers\Evaluation))
#3 /home/99/syd1601/services.dreamhive.co.jp/realestate/system/CodeIgniter.php(326): CodeIgniter\CodeIgniter->handleRequest(NULL, Object(Config\Cache), false)
#4 /home/99/syd1601/services.dreamhive.co.jp/realestate/index.php(37): CodeIgniter\CodeIgniter->run()
#5 {main}
CRITICAL - 2023-02-11 13:43:46 --> A non-numeric value encountered
#0 /home/99/syd1601/services.dreamhive.co.jp/realestate/app/Controllers/Evaluation.php(50): CodeIgniter\Debug\Exceptions->errorHandler(2, 'A non-numeric v...', '/home/99/syd160...', 50, Array)
#1 /home/99/syd1601/services.dreamhive.co.jp/realestate/system/CodeIgniter.php(832): App\Controllers\Evaluation->getEvaluationValues()
#2 /home/99/syd1601/services.dreamhive.co.jp/realestate/system/CodeIgniter.php(419): CodeIgniter\CodeIgniter->runController(Object(App\Controllers\Evaluation))
#3 /home/99/syd1601/services.dreamhive.co.jp/realestate/system/CodeIgniter.php(326): CodeIgniter\CodeIgniter->handleRequest(NULL, Object(Config\Cache), false)
#4 /home/99/syd1601/services.dreamhive.co.jp/realestate/index.php(37): CodeIgniter\CodeIgniter->run()
#5 {main}
CRITICAL - 2023-02-11 13:44:10 --> A non-numeric value encountered
#0 /home/99/syd1601/services.dreamhive.co.jp/realestate/app/Controllers/Evaluation.php(33): CodeIgniter\Debug\Exceptions->errorHandler(2, 'A non-numeric v...', '/home/99/syd160...', 33, Array)
#1 /home/99/syd1601/services.dreamhive.co.jp/realestate/system/CodeIgniter.php(832): App\Controllers\Evaluation->getEvaluationValues()
#2 /home/99/syd1601/services.dreamhive.co.jp/realestate/system/CodeIgniter.php(419): CodeIgniter\CodeIgniter->runController(Object(App\Controllers\Evaluation))
#3 /home/99/syd1601/services.dreamhive.co.jp/realestate/system/CodeIgniter.php(326): CodeIgniter\CodeIgniter->handleRequest(NULL, Object(Config\Cache), false)
#4 /home/99/syd1601/services.dreamhive.co.jp/realestate/index.php(37): CodeIgniter\CodeIgniter->run()
#5 {main}
CRITICAL - 2023-02-11 13:44:18 --> A non-numeric value encountered
#0 /home/99/syd1601/services.dreamhive.co.jp/realestate/app/Controllers/Evaluation.php(33): CodeIgniter\Debug\Exceptions->errorHandler(2, 'A non-numeric v...', '/home/99/syd160...', 33, Array)
#1 /home/99/syd1601/services.dreamhive.co.jp/realestate/system/CodeIgniter.php(832): App\Controllers\Evaluation->getEvaluationValues()
#2 /home/99/syd1601/services.dreamhive.co.jp/realestate/system/CodeIgniter.php(419): CodeIgniter\CodeIgniter->runController(Object(App\Controllers\Evaluation))
#3 /home/99/syd1601/services.dreamhive.co.jp/realestate/system/CodeIgniter.php(326): CodeIgniter\CodeIgniter->handleRequest(NULL, Object(Config\Cache), false)
#4 /home/99/syd1601/services.dreamhive.co.jp/realestate/index.php(37): CodeIgniter\CodeIgniter->run()
#5 {main}
CRITICAL - 2023-02-11 13:44:37 --> A non-numeric value encountered
#0 /home/99/syd1601/services.dreamhive.co.jp/realestate/app/Controllers/Evaluation.php(33): CodeIgniter\Debug\Exceptions->errorHandler(2, 'A non-numeric v...', '/home/99/syd160...', 33, Array)
#1 /home/99/syd1601/services.dreamhive.co.jp/realestate/system/CodeIgniter.php(832): App\Controllers\Evaluation->getEvaluationValues()
#2 /home/99/syd1601/services.dreamhive.co.jp/realestate/system/CodeIgniter.php(419): CodeIgniter\CodeIgniter->runController(Object(App\Controllers\Evaluation))
#3 /home/99/syd1601/services.dreamhive.co.jp/realestate/system/CodeIgniter.php(326): CodeIgniter\CodeIgniter->handleRequest(NULL, Object(Config\Cache), false)
#4 /home/99/syd1601/services.dreamhive.co.jp/realestate/index.php(37): CodeIgniter\CodeIgniter->run()
#5 {main}
CRITICAL - 2023-02-11 13:44:40 --> A non-numeric value encountered
#0 /home/99/syd1601/services.dreamhive.co.jp/realestate/app/Controllers/Evaluation.php(33): CodeIgniter\Debug\Exceptions->errorHandler(2, 'A non-numeric v...', '/home/99/syd160...', 33, Array)
#1 /home/99/syd1601/services.dreamhive.co.jp/realestate/system/CodeIgniter.php(832): App\Controllers\Evaluation->getEvaluationValues()
#2 /home/99/syd1601/services.dreamhive.co.jp/realestate/system/CodeIgniter.php(419): CodeIgniter\CodeIgniter->runController(Object(App\Controllers\Evaluation))
#3 /home/99/syd1601/services.dreamhive.co.jp/realestate/system/CodeIgniter.php(326): CodeIgniter\CodeIgniter->handleRequest(NULL, Object(Config\Cache), false)
#4 /home/99/syd1601/services.dreamhive.co.jp/realestate/index.php(37): CodeIgniter\CodeIgniter->run()
#5 {main}
CRITICAL - 2023-02-11 13:44:43 --> A non-numeric value encountered
#0 /home/99/syd1601/services.dreamhive.co.jp/realestate/app/Controllers/Evaluation.php(50): CodeIgniter\Debug\Exceptions->errorHandler(2, 'A non-numeric v...', '/home/99/syd160...', 50, Array)
#1 /home/99/syd1601/services.dreamhive.co.jp/realestate/system/CodeIgniter.php(832): App\Controllers\Evaluation->getEvaluationValues()
#2 /home/99/syd1601/services.dreamhive.co.jp/realestate/system/CodeIgniter.php(419): CodeIgniter\CodeIgniter->runController(Object(App\Controllers\Evaluation))
#3 /home/99/syd1601/services.dreamhive.co.jp/realestate/system/CodeIgniter.php(326): CodeIgniter\CodeIgniter->handleRequest(NULL, Object(Config\Cache), false)
#4 /home/99/syd1601/services.dreamhive.co.jp/realestate/index.php(37): CodeIgniter\CodeIgniter->run()
#5 {main}
CRITICAL - 2023-02-11 13:44:53 --> A non-numeric value encountered
#0 /home/99/syd1601/services.dreamhive.co.jp/realestate/app/Controllers/Evaluation.php(50): CodeIgniter\Debug\Exceptions->errorHandler(2, 'A non-numeric v...', '/home/99/syd160...', 50, Array)
#1 /home/99/syd1601/services.dreamhive.co.jp/realestate/system/CodeIgniter.php(832): App\Controllers\Evaluation->getEvaluationValues()
#2 /home/99/syd1601/services.dreamhive.co.jp/realestate/system/CodeIgniter.php(419): CodeIgniter\CodeIgniter->runController(Object(App\Controllers\Evaluation))
#3 /home/99/syd1601/services.dreamhive.co.jp/realestate/system/CodeIgniter.php(326): CodeIgniter\CodeIgniter->handleRequest(NULL, Object(Config\Cache), false)
#4 /home/99/syd1601/services.dreamhive.co.jp/realestate/index.php(37): CodeIgniter\CodeIgniter->run()
#5 {main}
CRITICAL - 2023-02-11 13:44:56 --> A non-numeric value encountered
#0 /home/99/syd1601/services.dreamhive.co.jp/realestate/app/Controllers/Evaluation.php(50): CodeIgniter\Debug\Exceptions->errorHandler(2, 'A non-numeric v...', '/home/99/syd160...', 50, Array)
#1 /home/99/syd1601/services.dreamhive.co.jp/realestate/system/CodeIgniter.php(832): App\Controllers\Evaluation->getEvaluationValues()
#2 /home/99/syd1601/services.dreamhive.co.jp/realestate/system/CodeIgniter.php(419): CodeIgniter\CodeIgniter->runController(Object(App\Controllers\Evaluation))
#3 /home/99/syd1601/services.dreamhive.co.jp/realestate/system/CodeIgniter.php(326): CodeIgniter\CodeIgniter->handleRequest(NULL, Object(Config\Cache), false)
#4 /home/99/syd1601/services.dreamhive.co.jp/realestate/index.php(37): CodeIgniter\CodeIgniter->run()
#5 {main}
CRITICAL - 2023-02-11 13:44:56 --> A non-numeric value encountered
#0 /home/99/syd1601/services.dreamhive.co.jp/realestate/app/Controllers/Evaluation.php(50): CodeIgniter\Debug\Exceptions->errorHandler(2, 'A non-numeric v...', '/home/99/syd160...', 50, Array)
#1 /home/99/syd1601/services.dreamhive.co.jp/realestate/system/CodeIgniter.php(832): App\Controllers\Evaluation->getEvaluationValues()
#2 /home/99/syd1601/services.dreamhive.co.jp/realestate/system/CodeIgniter.php(419): CodeIgniter\CodeIgniter->runController(Object(App\Controllers\Evaluation))
#3 /home/99/syd1601/services.dreamhive.co.jp/realestate/system/CodeIgniter.php(326): CodeIgniter\CodeIgniter->handleRequest(NULL, Object(Config\Cache), false)
#4 /home/99/syd1601/services.dreamhive.co.jp/realestate/index.php(37): CodeIgniter\CodeIgniter->run()
#5 {main}
CRITICAL - 2023-02-11 13:45:42 --> A non-numeric value encountered
#0 /home/99/syd1601/services.dreamhive.co.jp/realestate/app/Controllers/Evaluation.php(33): CodeIgniter\Debug\Exceptions->errorHandler(2, 'A non-numeric v...', '/home/99/syd160...', 33, Array)
#1 /home/99/syd1601/services.dreamhive.co.jp/realestate/system/CodeIgniter.php(832): App\Controllers\Evaluation->getEvaluationValues()
#2 /home/99/syd1601/services.dreamhive.co.jp/realestate/system/CodeIgniter.php(419): CodeIgniter\CodeIgniter->runController(Object(App\Controllers\Evaluation))
#3 /home/99/syd1601/services.dreamhive.co.jp/realestate/system/CodeIgniter.php(326): CodeIgniter\CodeIgniter->handleRequest(NULL, Object(Config\Cache), false)
#4 /home/99/syd1601/services.dreamhive.co.jp/realestate/index.php(37): CodeIgniter\CodeIgniter->run()
#5 {main}
CRITICAL - 2023-02-11 13:45:50 --> A non-numeric value encountered
#0 /home/99/syd1601/services.dreamhive.co.jp/realestate/app/Controllers/Evaluation.php(33): CodeIgniter\Debug\Exceptions->errorHandler(2, 'A non-numeric v...', '/home/99/syd160...', 33, Array)
#1 /home/99/syd1601/services.dreamhive.co.jp/realestate/system/CodeIgniter.php(832): App\Controllers\Evaluation->getEvaluationValues()
#2 /home/99/syd1601/services.dreamhive.co.jp/realestate/system/CodeIgniter.php(419): CodeIgniter\CodeIgniter->runController(Object(App\Controllers\Evaluation))
#3 /home/99/syd1601/services.dreamhive.co.jp/realestate/system/CodeIgniter.php(326): CodeIgniter\CodeIgniter->handleRequest(NULL, Object(Config\Cache), false)
#4 /home/99/syd1601/services.dreamhive.co.jp/realestate/index.php(37): CodeIgniter\CodeIgniter->run()
#5 {main}
CRITICAL - 2023-02-11 13:46:08 --> A non-numeric value encountered
#0 /home/99/syd1601/services.dreamhive.co.jp/realestate/app/Controllers/Evaluation.php(33): CodeIgniter\Debug\Exceptions->errorHandler(2, 'A non-numeric v...', '/home/99/syd160...', 33, Array)
#1 /home/99/syd1601/services.dreamhive.co.jp/realestate/system/CodeIgniter.php(832): App\Controllers\Evaluation->getEvaluationValues()
#2 /home/99/syd1601/services.dreamhive.co.jp/realestate/system/CodeIgniter.php(419): CodeIgniter\CodeIgniter->runController(Object(App\Controllers\Evaluation))
#3 /home/99/syd1601/services.dreamhive.co.jp/realestate/system/CodeIgniter.php(326): CodeIgniter\CodeIgniter->handleRequest(NULL, Object(Config\Cache), false)
#4 /home/99/syd1601/services.dreamhive.co.jp/realestate/index.php(37): CodeIgniter\CodeIgniter->run()
#5 {main}
CRITICAL - 2023-02-11 13:46:11 --> A non-numeric value encountered
#0 /home/99/syd1601/services.dreamhive.co.jp/realestate/app/Controllers/Evaluation.php(33): CodeIgniter\Debug\Exceptions->errorHandler(2, 'A non-numeric v...', '/home/99/syd160...', 33, Array)
#1 /home/99/syd1601/services.dreamhive.co.jp/realestate/system/CodeIgniter.php(832): App\Controllers\Evaluation->getEvaluationValues()
#2 /home/99/syd1601/services.dreamhive.co.jp/realestate/system/CodeIgniter.php(419): CodeIgniter\CodeIgniter->runController(Object(App\Controllers\Evaluation))
#3 /home/99/syd1601/services.dreamhive.co.jp/realestate/system/CodeIgniter.php(326): CodeIgniter\CodeIgniter->handleRequest(NULL, Object(Config\Cache), false)
#4 /home/99/syd1601/services.dreamhive.co.jp/realestate/index.php(37): CodeIgniter\CodeIgniter->run()
#5 {main}
CRITICAL - 2023-02-11 13:46:14 --> A non-numeric value encountered
#0 /home/99/syd1601/services.dreamhive.co.jp/realestate/app/Controllers/Evaluation.php(50): CodeIgniter\Debug\Exceptions->errorHandler(2, 'A non-numeric v...', '/home/99/syd160...', 50, Array)
#1 /home/99/syd1601/services.dreamhive.co.jp/realestate/system/CodeIgniter.php(832): App\Controllers\Evaluation->getEvaluationValues()
#2 /home/99/syd1601/services.dreamhive.co.jp/realestate/system/CodeIgniter.php(419): CodeIgniter\CodeIgniter->runController(Object(App\Controllers\Evaluation))
#3 /home/99/syd1601/services.dreamhive.co.jp/realestate/system/CodeIgniter.php(326): CodeIgniter\CodeIgniter->handleRequest(NULL, Object(Config\Cache), false)
#4 /home/99/syd1601/services.dreamhive.co.jp/realestate/index.php(37): CodeIgniter\CodeIgniter->run()
#5 {main}
CRITICAL - 2023-02-11 13:46:23 --> A non-numeric value encountered
#0 /home/99/syd1601/services.dreamhive.co.jp/realestate/app/Controllers/Evaluation.php(50): CodeIgniter\Debug\Exceptions->errorHandler(2, 'A non-numeric v...', '/home/99/syd160...', 50, Array)
#1 /home/99/syd1601/services.dreamhive.co.jp/realestate/system/CodeIgniter.php(832): App\Controllers\Evaluation->getEvaluationValues()
#2 /home/99/syd1601/services.dreamhive.co.jp/realestate/system/CodeIgniter.php(419): CodeIgniter\CodeIgniter->runController(Object(App\Controllers\Evaluation))
#3 /home/99/syd1601/services.dreamhive.co.jp/realestate/system/CodeIgniter.php(326): CodeIgniter\CodeIgniter->handleRequest(NULL, Object(Config\Cache), false)
#4 /home/99/syd1601/services.dreamhive.co.jp/realestate/index.php(37): CodeIgniter\CodeIgniter->run()
#5 {main}
CRITICAL - 2023-02-11 13:46:27 --> A non-numeric value encountered
#0 /home/99/syd1601/services.dreamhive.co.jp/realestate/app/Controllers/Evaluation.php(50): CodeIgniter\Debug\Exceptions->errorHandler(2, 'A non-numeric v...', '/home/99/syd160...', 50, Array)
#1 /home/99/syd1601/services.dreamhive.co.jp/realestate/system/CodeIgniter.php(832): App\Controllers\Evaluation->getEvaluationValues()
#2 /home/99/syd1601/services.dreamhive.co.jp/realestate/system/CodeIgniter.php(419): CodeIgniter\CodeIgniter->runController(Object(App\Controllers\Evaluation))
#3 /home/99/syd1601/services.dreamhive.co.jp/realestate/system/CodeIgniter.php(326): CodeIgniter\CodeIgniter->handleRequest(NULL, Object(Config\Cache), false)
#4 /home/99/syd1601/services.dreamhive.co.jp/realestate/index.php(37): CodeIgniter\CodeIgniter->run()
#5 {main}
CRITICAL - 2023-02-11 13:46:29 --> A non-numeric value encountered
#0 /home/99/syd1601/services.dreamhive.co.jp/realestate/app/Controllers/Evaluation.php(50): CodeIgniter\Debug\Exceptions->errorHandler(2, 'A non-numeric v...', '/home/99/syd160...', 50, Array)
#1 /home/99/syd1601/services.dreamhive.co.jp/realestate/system/CodeIgniter.php(832): App\Controllers\Evaluation->getEvaluationValues()
#2 /home/99/syd1601/services.dreamhive.co.jp/realestate/system/CodeIgniter.php(419): CodeIgniter\CodeIgniter->runController(Object(App\Controllers\Evaluation))
#3 /home/99/syd1601/services.dreamhive.co.jp/realestate/system/CodeIgniter.php(326): CodeIgniter\CodeIgniter->handleRequest(NULL, Object(Config\Cache), false)
#4 /home/99/syd1601/services.dreamhive.co.jp/realestate/index.php(37): CodeIgniter\CodeIgniter->run()
#5 {main}
CRITICAL - 2023-02-11 13:46:32 --> A non-numeric value encountered
#0 /home/99/syd1601/services.dreamhive.co.jp/realestate/app/Controllers/Evaluation.php(50): CodeIgniter\Debug\Exceptions->errorHandler(2, 'A non-numeric v...', '/home/99/syd160...', 50, Array)
#1 /home/99/syd1601/services.dreamhive.co.jp/realestate/system/CodeIgniter.php(832): App\Controllers\Evaluation->getEvaluationValues()
#2 /home/99/syd1601/services.dreamhive.co.jp/realestate/system/CodeIgniter.php(419): CodeIgniter\CodeIgniter->runController(Object(App\Controllers\Evaluation))
#3 /home/99/syd1601/services.dreamhive.co.jp/realestate/system/CodeIgniter.php(326): CodeIgniter\CodeIgniter->handleRequest(NULL, Object(Config\Cache), false)
#4 /home/99/syd1601/services.dreamhive.co.jp/realestate/index.php(37): CodeIgniter\CodeIgniter->run()
#5 {main}
CRITICAL - 2023-02-11 13:46:35 --> A non-numeric value encountered
#0 /home/99/syd1601/services.dreamhive.co.jp/realestate/app/Controllers/Evaluation.php(50): CodeIgniter\Debug\Exceptions->errorHandler(2, 'A non-numeric v...', '/home/99/syd160...', 50, Array)
#1 /home/99/syd1601/services.dreamhive.co.jp/realestate/system/CodeIgniter.php(832): App\Controllers\Evaluation->getEvaluationValues()
#2 /home/99/syd1601/services.dreamhive.co.jp/realestate/system/CodeIgniter.php(419): CodeIgniter\CodeIgniter->runController(Object(App\Controllers\Evaluation))
#3 /home/99/syd1601/services.dreamhive.co.jp/realestate/system/CodeIgniter.php(326): CodeIgniter\CodeIgniter->handleRequest(NULL, Object(Config\Cache), false)
#4 /home/99/syd1601/services.dreamhive.co.jp/realestate/index.php(37): CodeIgniter\CodeIgniter->run()
#5 {main}
CRITICAL - 2023-02-11 13:46:37 --> Class 'App\Libraries\Exception' not found
#0 /home/99/syd1601/services.dreamhive.co.jp/realestate/app/Models/IntegrationModel.php(251): App\Libraries\FinanceLibrary->pmt(0, 0, 0)
#1 /home/99/syd1601/services.dreamhive.co.jp/realestate/app/Models/IntegrationModel.php(292): App\Models\IntegrationModel->setParams(Array)
#2 /home/99/syd1601/services.dreamhive.co.jp/realestate/app/Controllers/Evaluation.php(53): App\Models\IntegrationModel->getResults(Array)
#3 /home/99/syd1601/services.dreamhive.co.jp/realestate/system/CodeIgniter.php(832): App\Controllers\Evaluation->getEvaluationValues()
#4 /home/99/syd1601/services.dreamhive.co.jp/realestate/system/CodeIgniter.php(419): CodeIgniter\CodeIgniter->runController(Object(App\Controllers\Evaluation))
#5 /home/99/syd1601/services.dreamhive.co.jp/realestate/system/CodeIgniter.php(326): CodeIgniter\CodeIgniter->handleRequest(NULL, Object(Config\Cache), false)
#6 /home/99/syd1601/services.dreamhive.co.jp/realestate/index.php(37): CodeIgniter\CodeIgniter->run()
#7 {main}
CRITICAL - 2023-02-11 13:46:41 --> Class 'App\Libraries\Exception' not found
#0 /home/99/syd1601/services.dreamhive.co.jp/realestate/app/Models/IntegrationModel.php(251): App\Libraries\FinanceLibrary->pmt(0, 0, 0)
#1 /home/99/syd1601/services.dreamhive.co.jp/realestate/app/Models/IntegrationModel.php(292): App\Models\IntegrationModel->setParams(Array)
#2 /home/99/syd1601/services.dreamhive.co.jp/realestate/app/Controllers/Evaluation.php(53): App\Models\IntegrationModel->getResults(Array)
#3 /home/99/syd1601/services.dreamhive.co.jp/realestate/system/CodeIgniter.php(832): App\Controllers\Evaluation->getEvaluationValues()
#4 /home/99/syd1601/services.dreamhive.co.jp/realestate/system/CodeIgniter.php(419): CodeIgniter\CodeIgniter->runController(Object(App\Controllers\Evaluation))
#5 /home/99/syd1601/services.dreamhive.co.jp/realestate/system/CodeIgniter.php(326): CodeIgniter\CodeIgniter->handleRequest(NULL, Object(Config\Cache), false)
#6 /home/99/syd1601/services.dreamhive.co.jp/realestate/index.php(37): CodeIgniter\CodeIgniter->run()
#7 {main}
CRITICAL - 2023-02-11 13:46:48 --> A non-numeric value encountered
#0 /home/99/syd1601/services.dreamhive.co.jp/realestate/app/Controllers/Evaluation.php(50): CodeIgniter\Debug\Exceptions->errorHandler(2, 'A non-numeric v...', '/home/99/syd160...', 50, Array)
#1 /home/99/syd1601/services.dreamhive.co.jp/realestate/system/CodeIgniter.php(832): App\Controllers\Evaluation->getEvaluationValues()
#2 /home/99/syd1601/services.dreamhive.co.jp/realestate/system/CodeIgniter.php(419): CodeIgniter\CodeIgniter->runController(Object(App\Controllers\Evaluation))
#3 /home/99/syd1601/services.dreamhive.co.jp/realestate/system/CodeIgniter.php(326): CodeIgniter\CodeIgniter->handleRequest(NULL, Object(Config\Cache), false)
#4 /home/99/syd1601/services.dreamhive.co.jp/realestate/index.php(37): CodeIgniter\CodeIgniter->run()
#5 {main}
CRITICAL - 2023-02-11 13:46:53 --> Class 'App\Libraries\Exception' not found
#0 /home/99/syd1601/services.dreamhive.co.jp/realestate/app/Models/IntegrationModel.php(251): App\Libraries\FinanceLibrary->pmt(0, 0, 0)
#1 /home/99/syd1601/services.dreamhive.co.jp/realestate/app/Models/IntegrationModel.php(292): App\Models\IntegrationModel->setParams(Array)
#2 /home/99/syd1601/services.dreamhive.co.jp/realestate/app/Controllers/Evaluation.php(53): App\Models\IntegrationModel->getResults(Array)
#3 /home/99/syd1601/services.dreamhive.co.jp/realestate/system/CodeIgniter.php(832): App\Controllers\Evaluation->getEvaluationValues()
#4 /home/99/syd1601/services.dreamhive.co.jp/realestate/system/CodeIgniter.php(419): CodeIgniter\CodeIgniter->runController(Object(App\Controllers\Evaluation))
#5 /home/99/syd1601/services.dreamhive.co.jp/realestate/system/CodeIgniter.php(326): CodeIgniter\CodeIgniter->handleRequest(NULL, Object(Config\Cache), false)
#6 /home/99/syd1601/services.dreamhive.co.jp/realestate/index.php(37): CodeIgniter\CodeIgniter->run()
#7 {main}
