CRITICAL - 2023-01-14 07:27:14 --> A non-numeric value encountered
#0 /home/99/syd1601/services.dreamhive.co.jp/realestate/app/Controllers/Evaluation.php(33): CodeIgniter\Debug\Exceptions->errorHandler(2, 'A non-numeric v...', '/home/99/syd160...', 33, Array)
#1 /home/99/syd1601/services.dreamhive.co.jp/realestate/system/CodeIgniter.php(832): App\Controllers\Evaluation->getEvaluationValues()
#2 /home/99/syd1601/services.dreamhive.co.jp/realestate/system/CodeIgniter.php(419): CodeIgniter\CodeIgniter->runController(Object(App\Controllers\Evaluation))
#3 /home/99/syd1601/services.dreamhive.co.jp/realestate/system/CodeIgniter.php(326): CodeIgniter\CodeIgniter->handleRequest(NULL, Object(Config\Cache), false)
#4 /home/99/syd1601/services.dreamhive.co.jp/realestate/index.php(37): CodeIgniter\CodeIgniter->run()
#5 {main}
CRITICAL - 2023-01-14 07:27:15 --> A non-numeric value encountered
#0 /home/99/syd1601/services.dreamhive.co.jp/realestate/app/Controllers/Evaluation.php(33): CodeIgniter\Debug\Exceptions->errorHandler(2, 'A non-numeric v...', '/home/99/syd160...', 33, Array)
#1 /home/99/syd1601/services.dreamhive.co.jp/realestate/system/CodeIgniter.php(832): App\Controllers\Evaluation->getEvaluationValues()
#2 /home/99/syd1601/services.dreamhive.co.jp/realestate/system/CodeIgniter.php(419): CodeIgniter\CodeIgniter->runController(Object(App\Controllers\Evaluation))
#3 /home/99/syd1601/services.dreamhive.co.jp/realestate/system/CodeIgniter.php(326): CodeIgniter\CodeIgniter->handleRequest(NULL, Object(Config\Cache), false)
#4 /home/99/syd1601/services.dreamhive.co.jp/realestate/index.php(37): CodeIgniter\CodeIgniter->run()
#5 {main}
CRITICAL - 2023-01-14 07:27:19 --> A non-numeric value encountered
#0 /home/99/syd1601/services.dreamhive.co.jp/realestate/app/Controllers/Evaluation.php(33): CodeIgniter\Debug\Exceptions->errorHandler(2, 'A non-numeric v...', '/home/99/syd160...', 33, Array)
#1 /home/99/syd1601/services.dreamhive.co.jp/realestate/system/CodeIgniter.php(832): App\Controllers\Evaluation->getEvaluationValues()
#2 /home/99/syd1601/services.dreamhive.co.jp/realestate/system/CodeIgniter.php(419): CodeIgniter\CodeIgniter->runController(Object(App\Controllers\Evaluation))
#3 /home/99/syd1601/services.dreamhive.co.jp/realestate/system/CodeIgniter.php(326): CodeIgniter\CodeIgniter->handleRequest(NULL, Object(Config\Cache), false)
#4 /home/99/syd1601/services.dreamhive.co.jp/realestate/index.php(37): CodeIgniter\CodeIgniter->run()
#5 {main}
CRITICAL - 2023-01-14 07:27:20 --> A non-numeric value encountered
#0 /home/99/syd1601/services.dreamhive.co.jp/realestate/app/Controllers/Evaluation.php(33): CodeIgniter\Debug\Exceptions->errorHandler(2, 'A non-numeric v...', '/home/99/syd160...', 33, Array)
#1 /home/99/syd1601/services.dreamhive.co.jp/realestate/system/CodeIgniter.php(832): App\Controllers\Evaluation->getEvaluationValues()
#2 /home/99/syd1601/services.dreamhive.co.jp/realestate/system/CodeIgniter.php(419): CodeIgniter\CodeIgniter->runController(Object(App\Controllers\Evaluation))
#3 /home/99/syd1601/services.dreamhive.co.jp/realestate/system/CodeIgniter.php(326): CodeIgniter\CodeIgniter->handleRequest(NULL, Object(Config\Cache), false)
#4 /home/99/syd1601/services.dreamhive.co.jp/realestate/index.php(37): CodeIgniter\CodeIgniter->run()
#5 {main}
CRITICAL - 2023-01-14 07:27:27 --> A non-numeric value encountered
#0 /home/99/syd1601/services.dreamhive.co.jp/realestate/app/Controllers/Evaluation.php(33): CodeIgniter\Debug\Exceptions->errorHandler(2, 'A non-numeric v...', '/home/99/syd160...', 33, Array)
#1 /home/99/syd1601/services.dreamhive.co.jp/realestate/system/CodeIgniter.php(832): App\Controllers\Evaluation->getEvaluationValues()
#2 /home/99/syd1601/services.dreamhive.co.jp/realestate/system/CodeIgniter.php(419): CodeIgniter\CodeIgniter->runController(Object(App\Controllers\Evaluation))
#3 /home/99/syd1601/services.dreamhive.co.jp/realestate/system/CodeIgniter.php(326): CodeIgniter\CodeIgniter->handleRequest(NULL, Object(Config\Cache), false)
#4 /home/99/syd1601/services.dreamhive.co.jp/realestate/index.php(37): CodeIgniter\CodeIgniter->run()
#5 {main}
CRITICAL - 2023-01-14 07:27:28 --> A non-numeric value encountered
#0 /home/99/syd1601/services.dreamhive.co.jp/realestate/app/Controllers/Evaluation.php(33): CodeIgniter\Debug\Exceptions->errorHandler(2, 'A non-numeric v...', '/home/99/syd160...', 33, Array)
#1 /home/99/syd1601/services.dreamhive.co.jp/realestate/system/CodeIgniter.php(832): App\Controllers\Evaluation->getEvaluationValues()
#2 /home/99/syd1601/services.dreamhive.co.jp/realestate/system/CodeIgniter.php(419): CodeIgniter\CodeIgniter->runController(Object(App\Controllers\Evaluation))
#3 /home/99/syd1601/services.dreamhive.co.jp/realestate/system/CodeIgniter.php(326): CodeIgniter\CodeIgniter->handleRequest(NULL, Object(Config\Cache), false)
#4 /home/99/syd1601/services.dreamhive.co.jp/realestate/index.php(37): CodeIgniter\CodeIgniter->run()
#5 {main}
CRITICAL - 2023-01-14 07:27:34 --> A non-numeric value encountered
#0 /home/99/syd1601/services.dreamhive.co.jp/realestate/app/Controllers/Evaluation.php(33): CodeIgniter\Debug\Exceptions->errorHandler(2, 'A non-numeric v...', '/home/99/syd160...', 33, Array)
#1 /home/99/syd1601/services.dreamhive.co.jp/realestate/system/CodeIgniter.php(832): App\Controllers\Evaluation->getEvaluationValues()
#2 /home/99/syd1601/services.dreamhive.co.jp/realestate/system/CodeIgniter.php(419): CodeIgniter\CodeIgniter->runController(Object(App\Controllers\Evaluation))
#3 /home/99/syd1601/services.dreamhive.co.jp/realestate/system/CodeIgniter.php(326): CodeIgniter\CodeIgniter->handleRequest(NULL, Object(Config\Cache), false)
#4 /home/99/syd1601/services.dreamhive.co.jp/realestate/index.php(37): CodeIgniter\CodeIgniter->run()
#5 {main}
CRITICAL - 2023-01-14 07:27:35 --> A non-numeric value encountered
#0 /home/99/syd1601/services.dreamhive.co.jp/realestate/app/Controllers/Evaluation.php(33): CodeIgniter\Debug\Exceptions->errorHandler(2, 'A non-numeric v...', '/home/99/syd160...', 33, Array)
#1 /home/99/syd1601/services.dreamhive.co.jp/realestate/system/CodeIgniter.php(832): App\Controllers\Evaluation->getEvaluationValues()
#2 /home/99/syd1601/services.dreamhive.co.jp/realestate/system/CodeIgniter.php(419): CodeIgniter\CodeIgniter->runController(Object(App\Controllers\Evaluation))
#3 /home/99/syd1601/services.dreamhive.co.jp/realestate/system/CodeIgniter.php(326): CodeIgniter\CodeIgniter->handleRequest(NULL, Object(Config\Cache), false)
#4 /home/99/syd1601/services.dreamhive.co.jp/realestate/index.php(37): CodeIgniter\CodeIgniter->run()
#5 {main}
CRITICAL - 2023-01-14 07:27:39 --> A non-numeric value encountered
#0 /home/99/syd1601/services.dreamhive.co.jp/realestate/app/Controllers/Evaluation.php(50): CodeIgniter\Debug\Exceptions->errorHandler(2, 'A non-numeric v...', '/home/99/syd160...', 50, Array)
#1 /home/99/syd1601/services.dreamhive.co.jp/realestate/system/CodeIgniter.php(832): App\Controllers\Evaluation->getEvaluationValues()
#2 /home/99/syd1601/services.dreamhive.co.jp/realestate/system/CodeIgniter.php(419): CodeIgniter\CodeIgniter->runController(Object(App\Controllers\Evaluation))
#3 /home/99/syd1601/services.dreamhive.co.jp/realestate/system/CodeIgniter.php(326): CodeIgniter\CodeIgniter->handleRequest(NULL, Object(Config\Cache), false)
#4 /home/99/syd1601/services.dreamhive.co.jp/realestate/index.php(37): CodeIgniter\CodeIgniter->run()
#5 {main}
CRITICAL - 2023-01-14 07:27:40 --> A non-numeric value encountered
#0 /home/99/syd1601/services.dreamhive.co.jp/realestate/app/Controllers/Evaluation.php(50): CodeIgniter\Debug\Exceptions->errorHandler(2, 'A non-numeric v...', '/home/99/syd160...', 50, Array)
#1 /home/99/syd1601/services.dreamhive.co.jp/realestate/system/CodeIgniter.php(832): App\Controllers\Evaluation->getEvaluationValues()
#2 /home/99/syd1601/services.dreamhive.co.jp/realestate/system/CodeIgniter.php(419): CodeIgniter\CodeIgniter->runController(Object(App\Controllers\Evaluation))
#3 /home/99/syd1601/services.dreamhive.co.jp/realestate/system/CodeIgniter.php(326): CodeIgniter\CodeIgniter->handleRequest(NULL, Object(Config\Cache), false)
#4 /home/99/syd1601/services.dreamhive.co.jp/realestate/index.php(37): CodeIgniter\CodeIgniter->run()
#5 {main}
CRITICAL - 2023-01-14 07:27:43 --> A non-numeric value encountered
#0 /home/99/syd1601/services.dreamhive.co.jp/realestate/app/Controllers/Evaluation.php(50): CodeIgniter\Debug\Exceptions->errorHandler(2, 'A non-numeric v...', '/home/99/syd160...', 50, Array)
#1 /home/99/syd1601/services.dreamhive.co.jp/realestate/system/CodeIgniter.php(832): App\Controllers\Evaluation->getEvaluationValues()
#2 /home/99/syd1601/services.dreamhive.co.jp/realestate/system/CodeIgniter.php(419): CodeIgniter\CodeIgniter->runController(Object(App\Controllers\Evaluation))
#3 /home/99/syd1601/services.dreamhive.co.jp/realestate/system/CodeIgniter.php(326): CodeIgniter\CodeIgniter->handleRequest(NULL, Object(Config\Cache), false)
#4 /home/99/syd1601/services.dreamhive.co.jp/realestate/index.php(37): CodeIgniter\CodeIgniter->run()
#5 {main}
CRITICAL - 2023-01-14 07:27:44 --> A non-numeric value encountered
#0 /home/99/syd1601/services.dreamhive.co.jp/realestate/app/Controllers/Evaluation.php(50): CodeIgniter\Debug\Exceptions->errorHandler(2, 'A non-numeric v...', '/home/99/syd160...', 50, Array)
#1 /home/99/syd1601/services.dreamhive.co.jp/realestate/system/CodeIgniter.php(832): App\Controllers\Evaluation->getEvaluationValues()
#2 /home/99/syd1601/services.dreamhive.co.jp/realestate/system/CodeIgniter.php(419): CodeIgniter\CodeIgniter->runController(Object(App\Controllers\Evaluation))
#3 /home/99/syd1601/services.dreamhive.co.jp/realestate/system/CodeIgniter.php(326): CodeIgniter\CodeIgniter->handleRequest(NULL, Object(Config\Cache), false)
#4 /home/99/syd1601/services.dreamhive.co.jp/realestate/index.php(37): CodeIgniter\CodeIgniter->run()
#5 {main}
CRITICAL - 2023-01-14 07:27:50 --> A non-numeric value encountered
#0 /home/99/syd1601/services.dreamhive.co.jp/realestate/app/Controllers/Evaluation.php(50): CodeIgniter\Debug\Exceptions->errorHandler(2, 'A non-numeric v...', '/home/99/syd160...', 50, Array)
#1 /home/99/syd1601/services.dreamhive.co.jp/realestate/system/CodeIgniter.php(832): App\Controllers\Evaluation->getEvaluationValues()
#2 /home/99/syd1601/services.dreamhive.co.jp/realestate/system/CodeIgniter.php(419): CodeIgniter\CodeIgniter->runController(Object(App\Controllers\Evaluation))
#3 /home/99/syd1601/services.dreamhive.co.jp/realestate/system/CodeIgniter.php(326): CodeIgniter\CodeIgniter->handleRequest(NULL, Object(Config\Cache), false)
#4 /home/99/syd1601/services.dreamhive.co.jp/realestate/index.php(37): CodeIgniter\CodeIgniter->run()
#5 {main}
CRITICAL - 2023-01-14 07:27:51 --> A non-numeric value encountered
#0 /home/99/syd1601/services.dreamhive.co.jp/realestate/app/Controllers/Evaluation.php(50): CodeIgniter\Debug\Exceptions->errorHandler(2, 'A non-numeric v...', '/home/99/syd160...', 50, Array)
#1 /home/99/syd1601/services.dreamhive.co.jp/realestate/system/CodeIgniter.php(832): App\Controllers\Evaluation->getEvaluationValues()
#2 /home/99/syd1601/services.dreamhive.co.jp/realestate/system/CodeIgniter.php(419): CodeIgniter\CodeIgniter->runController(Object(App\Controllers\Evaluation))
#3 /home/99/syd1601/services.dreamhive.co.jp/realestate/system/CodeIgniter.php(326): CodeIgniter\CodeIgniter->handleRequest(NULL, Object(Config\Cache), false)
#4 /home/99/syd1601/services.dreamhive.co.jp/realestate/index.php(37): CodeIgniter\CodeIgniter->run()
#5 {main}
CRITICAL - 2023-01-14 07:27:55 --> A non-numeric value encountered
#0 /home/99/syd1601/services.dreamhive.co.jp/realestate/app/Controllers/Evaluation.php(50): CodeIgniter\Debug\Exceptions->errorHandler(2, 'A non-numeric v...', '/home/99/syd160...', 50, Array)
#1 /home/99/syd1601/services.dreamhive.co.jp/realestate/system/CodeIgniter.php(832): App\Controllers\Evaluation->getEvaluationValues()
#2 /home/99/syd1601/services.dreamhive.co.jp/realestate/system/CodeIgniter.php(419): CodeIgniter\CodeIgniter->runController(Object(App\Controllers\Evaluation))
#3 /home/99/syd1601/services.dreamhive.co.jp/realestate/system/CodeIgniter.php(326): CodeIgniter\CodeIgniter->handleRequest(NULL, Object(Config\Cache), false)
#4 /home/99/syd1601/services.dreamhive.co.jp/realestate/index.php(37): CodeIgniter\CodeIgniter->run()
#5 {main}
CRITICAL - 2023-01-14 07:27:55 --> A non-numeric value encountered
#0 /home/99/syd1601/services.dreamhive.co.jp/realestate/app/Controllers/Evaluation.php(50): CodeIgniter\Debug\Exceptions->errorHandler(2, 'A non-numeric v...', '/home/99/syd160...', 50, Array)
#1 /home/99/syd1601/services.dreamhive.co.jp/realestate/system/CodeIgniter.php(832): App\Controllers\Evaluation->getEvaluationValues()
#2 /home/99/syd1601/services.dreamhive.co.jp/realestate/system/CodeIgniter.php(419): CodeIgniter\CodeIgniter->runController(Object(App\Controllers\Evaluation))
#3 /home/99/syd1601/services.dreamhive.co.jp/realestate/system/CodeIgniter.php(326): CodeIgniter\CodeIgniter->handleRequest(NULL, Object(Config\Cache), false)
#4 /home/99/syd1601/services.dreamhive.co.jp/realestate/index.php(37): CodeIgniter\CodeIgniter->run()
#5 {main}
CRITICAL - 2023-01-14 07:27:58 --> A non-numeric value encountered
#0 /home/99/syd1601/services.dreamhive.co.jp/realestate/app/Controllers/Evaluation.php(50): CodeIgniter\Debug\Exceptions->errorHandler(2, 'A non-numeric v...', '/home/99/syd160...', 50, Array)
#1 /home/99/syd1601/services.dreamhive.co.jp/realestate/system/CodeIgniter.php(832): App\Controllers\Evaluation->getEvaluationValues()
#2 /home/99/syd1601/services.dreamhive.co.jp/realestate/system/CodeIgniter.php(419): CodeIgniter\CodeIgniter->runController(Object(App\Controllers\Evaluation))
#3 /home/99/syd1601/services.dreamhive.co.jp/realestate/system/CodeIgniter.php(326): CodeIgniter\CodeIgniter->handleRequest(NULL, Object(Config\Cache), false)
#4 /home/99/syd1601/services.dreamhive.co.jp/realestate/index.php(37): CodeIgniter\CodeIgniter->run()
#5 {main}
CRITICAL - 2023-01-14 07:27:59 --> A non-numeric value encountered
#0 /home/99/syd1601/services.dreamhive.co.jp/realestate/app/Controllers/Evaluation.php(50): CodeIgniter\Debug\Exceptions->errorHandler(2, 'A non-numeric v...', '/home/99/syd160...', 50, Array)
#1 /home/99/syd1601/services.dreamhive.co.jp/realestate/system/CodeIgniter.php(832): App\Controllers\Evaluation->getEvaluationValues()
#2 /home/99/syd1601/services.dreamhive.co.jp/realestate/system/CodeIgniter.php(419): CodeIgniter\CodeIgniter->runController(Object(App\Controllers\Evaluation))
#3 /home/99/syd1601/services.dreamhive.co.jp/realestate/system/CodeIgniter.php(326): CodeIgniter\CodeIgniter->handleRequest(NULL, Object(Config\Cache), false)
#4 /home/99/syd1601/services.dreamhive.co.jp/realestate/index.php(37): CodeIgniter\CodeIgniter->run()
#5 {main}
CRITICAL - 2023-01-14 07:28:03 --> count(): Parameter must be an array or an object that implements Countable
#0 [internal function]: CodeIgniter\Debug\Exceptions->errorHandler(2, 'count(): Parame...', '/home/99/syd160...', 353, Array)
#1 /home/99/syd1601/services.dreamhive.co.jp/realestate/app/Models/IntegrationModel.php(353): count('0')
#2 /home/99/syd1601/services.dreamhive.co.jp/realestate/app/Models/IntegrationModel.php(368): App\Models\IntegrationModel->getBuildingPrice()
#3 /home/99/syd1601/services.dreamhive.co.jp/realestate/app/Models/IntegrationModel.php(124): App\Models\IntegrationModel->getCurrentPrice()
#4 /home/99/syd1601/services.dreamhive.co.jp/realestate/app/Models/IntegrationModel.php(292): App\Models\IntegrationModel->setParams(Array)
#5 /home/99/syd1601/services.dreamhive.co.jp/realestate/app/Controllers/Evaluation.php(53): App\Models\IntegrationModel->getResults(Array)
#6 /home/99/syd1601/services.dreamhive.co.jp/realestate/system/CodeIgniter.php(832): App\Controllers\Evaluation->getEvaluationValues()
#7 /home/99/syd1601/services.dreamhive.co.jp/realestate/system/CodeIgniter.php(419): CodeIgniter\CodeIgniter->runController(Object(App\Controllers\Evaluation))
#8 /home/99/syd1601/services.dreamhive.co.jp/realestate/system/CodeIgniter.php(326): CodeIgniter\CodeIgniter->handleRequest(NULL, Object(Config\Cache), false)
#9 /home/99/syd1601/services.dreamhive.co.jp/realestate/index.php(37): CodeIgniter\CodeIgniter->run()
#10 {main}
CRITICAL - 2023-01-14 07:28:03 --> count(): Parameter must be an array or an object that implements Countable
#0 [internal function]: CodeIgniter\Debug\Exceptions->errorHandler(2, 'count(): Parame...', '/home/99/syd160...', 353, Array)
#1 /home/99/syd1601/services.dreamhive.co.jp/realestate/app/Models/IntegrationModel.php(353): count('0')
#2 /home/99/syd1601/services.dreamhive.co.jp/realestate/app/Models/IntegrationModel.php(368): App\Models\IntegrationModel->getBuildingPrice()
#3 /home/99/syd1601/services.dreamhive.co.jp/realestate/app/Models/IntegrationModel.php(124): App\Models\IntegrationModel->getCurrentPrice()
#4 /home/99/syd1601/services.dreamhive.co.jp/realestate/app/Models/IntegrationModel.php(292): App\Models\IntegrationModel->setParams(Array)
#5 /home/99/syd1601/services.dreamhive.co.jp/realestate/app/Controllers/Evaluation.php(53): App\Models\IntegrationModel->getResults(Array)
#6 /home/99/syd1601/services.dreamhive.co.jp/realestate/system/CodeIgniter.php(832): App\Controllers\Evaluation->getEvaluationValues()
#7 /home/99/syd1601/services.dreamhive.co.jp/realestate/system/CodeIgniter.php(419): CodeIgniter\CodeIgniter->runController(Object(App\Controllers\Evaluation))
#8 /home/99/syd1601/services.dreamhive.co.jp/realestate/system/CodeIgniter.php(326): CodeIgniter\CodeIgniter->handleRequest(NULL, Object(Config\Cache), false)
#9 /home/99/syd1601/services.dreamhive.co.jp/realestate/index.php(37): CodeIgniter\CodeIgniter->run()
#10 {main}
CRITICAL - 2023-01-14 07:28:06 --> count(): Parameter must be an array or an object that implements Countable
#0 [internal function]: CodeIgniter\Debug\Exceptions->errorHandler(2, 'count(): Parame...', '/home/99/syd160...', 353, Array)
#1 /home/99/syd1601/services.dreamhive.co.jp/realestate/app/Models/IntegrationModel.php(353): count('0')
#2 /home/99/syd1601/services.dreamhive.co.jp/realestate/app/Models/IntegrationModel.php(368): App\Models\IntegrationModel->getBuildingPrice()
#3 /home/99/syd1601/services.dreamhive.co.jp/realestate/app/Models/IntegrationModel.php(124): App\Models\IntegrationModel->getCurrentPrice()
#4 /home/99/syd1601/services.dreamhive.co.jp/realestate/app/Models/IntegrationModel.php(292): App\Models\IntegrationModel->setParams(Array)
#5 /home/99/syd1601/services.dreamhive.co.jp/realestate/app/Controllers/Evaluation.php(53): App\Models\IntegrationModel->getResults(Array)
#6 /home/99/syd1601/services.dreamhive.co.jp/realestate/system/CodeIgniter.php(832): App\Controllers\Evaluation->getEvaluationValues()
#7 /home/99/syd1601/services.dreamhive.co.jp/realestate/system/CodeIgniter.php(419): CodeIgniter\CodeIgniter->runController(Object(App\Controllers\Evaluation))
#8 /home/99/syd1601/services.dreamhive.co.jp/realestate/system/CodeIgniter.php(326): CodeIgniter\CodeIgniter->handleRequest(NULL, Object(Config\Cache), false)
#9 /home/99/syd1601/services.dreamhive.co.jp/realestate/index.php(37): CodeIgniter\CodeIgniter->run()
#10 {main}
CRITICAL - 2023-01-14 07:28:08 --> count(): Parameter must be an array or an object that implements Countable
#0 [internal function]: CodeIgniter\Debug\Exceptions->errorHandler(2, 'count(): Parame...', '/home/99/syd160...', 353, Array)
#1 /home/99/syd1601/services.dreamhive.co.jp/realestate/app/Models/IntegrationModel.php(353): count('0')
#2 /home/99/syd1601/services.dreamhive.co.jp/realestate/app/Models/IntegrationModel.php(368): App\Models\IntegrationModel->getBuildingPrice()
#3 /home/99/syd1601/services.dreamhive.co.jp/realestate/app/Models/IntegrationModel.php(124): App\Models\IntegrationModel->getCurrentPrice()
#4 /home/99/syd1601/services.dreamhive.co.jp/realestate/app/Models/IntegrationModel.php(292): App\Models\IntegrationModel->setParams(Array)
#5 /home/99/syd1601/services.dreamhive.co.jp/realestate/app/Controllers/Evaluation.php(53): App\Models\IntegrationModel->getResults(Array)
#6 /home/99/syd1601/services.dreamhive.co.jp/realestate/system/CodeIgniter.php(832): App\Controllers\Evaluation->getEvaluationValues()
#7 /home/99/syd1601/services.dreamhive.co.jp/realestate/system/CodeIgniter.php(419): CodeIgniter\CodeIgniter->runController(Object(App\Controllers\Evaluation))
#8 /home/99/syd1601/services.dreamhive.co.jp/realestate/system/CodeIgniter.php(326): CodeIgniter\CodeIgniter->handleRequest(NULL, Object(Config\Cache), false)
#9 /home/99/syd1601/services.dreamhive.co.jp/realestate/index.php(37): CodeIgniter\CodeIgniter->run()
#10 {main}
CRITICAL - 2023-01-14 07:29:25 --> A non-numeric value encountered
#0 /home/99/syd1601/services.dreamhive.co.jp/realestate/app/Controllers/Evaluation.php(33): CodeIgniter\Debug\Exceptions->errorHandler(2, 'A non-numeric v...', '/home/99/syd160...', 33, Array)
#1 /home/99/syd1601/services.dreamhive.co.jp/realestate/system/CodeIgniter.php(832): App\Controllers\Evaluation->getEvaluationValues()
#2 /home/99/syd1601/services.dreamhive.co.jp/realestate/system/CodeIgniter.php(419): CodeIgniter\CodeIgniter->runController(Object(App\Controllers\Evaluation))
#3 /home/99/syd1601/services.dreamhive.co.jp/realestate/system/CodeIgniter.php(326): CodeIgniter\CodeIgniter->handleRequest(NULL, Object(Config\Cache), false)
#4 /home/99/syd1601/services.dreamhive.co.jp/realestate/index.php(37): CodeIgniter\CodeIgniter->run()
#5 {main}
CRITICAL - 2023-01-14 07:29:26 --> A non-numeric value encountered
#0 /home/99/syd1601/services.dreamhive.co.jp/realestate/app/Controllers/Evaluation.php(33): CodeIgniter\Debug\Exceptions->errorHandler(2, 'A non-numeric v...', '/home/99/syd160...', 33, Array)
#1 /home/99/syd1601/services.dreamhive.co.jp/realestate/system/CodeIgniter.php(832): App\Controllers\Evaluation->getEvaluationValues()
#2 /home/99/syd1601/services.dreamhive.co.jp/realestate/system/CodeIgniter.php(419): CodeIgniter\CodeIgniter->runController(Object(App\Controllers\Evaluation))
#3 /home/99/syd1601/services.dreamhive.co.jp/realestate/system/CodeIgniter.php(326): CodeIgniter\CodeIgniter->handleRequest(NULL, Object(Config\Cache), false)
#4 /home/99/syd1601/services.dreamhive.co.jp/realestate/index.php(37): CodeIgniter\CodeIgniter->run()
#5 {main}
CRITICAL - 2023-01-14 07:29:30 --> A non-numeric value encountered
#0 /home/99/syd1601/services.dreamhive.co.jp/realestate/app/Controllers/Evaluation.php(33): CodeIgniter\Debug\Exceptions->errorHandler(2, 'A non-numeric v...', '/home/99/syd160...', 33, Array)
#1 /home/99/syd1601/services.dreamhive.co.jp/realestate/system/CodeIgniter.php(832): App\Controllers\Evaluation->getEvaluationValues()
#2 /home/99/syd1601/services.dreamhive.co.jp/realestate/system/CodeIgniter.php(419): CodeIgniter\CodeIgniter->runController(Object(App\Controllers\Evaluation))
#3 /home/99/syd1601/services.dreamhive.co.jp/realestate/system/CodeIgniter.php(326): CodeIgniter\CodeIgniter->handleRequest(NULL, Object(Config\Cache), false)
#4 /home/99/syd1601/services.dreamhive.co.jp/realestate/index.php(37): CodeIgniter\CodeIgniter->run()
#5 {main}
CRITICAL - 2023-01-14 07:29:30 --> A non-numeric value encountered
#0 /home/99/syd1601/services.dreamhive.co.jp/realestate/app/Controllers/Evaluation.php(33): CodeIgniter\Debug\Exceptions->errorHandler(2, 'A non-numeric v...', '/home/99/syd160...', 33, Array)
#1 /home/99/syd1601/services.dreamhive.co.jp/realestate/system/CodeIgniter.php(832): App\Controllers\Evaluation->getEvaluationValues()
#2 /home/99/syd1601/services.dreamhive.co.jp/realestate/system/CodeIgniter.php(419): CodeIgniter\CodeIgniter->runController(Object(App\Controllers\Evaluation))
#3 /home/99/syd1601/services.dreamhive.co.jp/realestate/system/CodeIgniter.php(326): CodeIgniter\CodeIgniter->handleRequest(NULL, Object(Config\Cache), false)
#4 /home/99/syd1601/services.dreamhive.co.jp/realestate/index.php(37): CodeIgniter\CodeIgniter->run()
#5 {main}
CRITICAL - 2023-01-14 07:29:37 --> A non-numeric value encountered
#0 /home/99/syd1601/services.dreamhive.co.jp/realestate/app/Controllers/Evaluation.php(33): CodeIgniter\Debug\Exceptions->errorHandler(2, 'A non-numeric v...', '/home/99/syd160...', 33, Array)
#1 /home/99/syd1601/services.dreamhive.co.jp/realestate/system/CodeIgniter.php(832): App\Controllers\Evaluation->getEvaluationValues()
#2 /home/99/syd1601/services.dreamhive.co.jp/realestate/system/CodeIgniter.php(419): CodeIgniter\CodeIgniter->runController(Object(App\Controllers\Evaluation))
#3 /home/99/syd1601/services.dreamhive.co.jp/realestate/system/CodeIgniter.php(326): CodeIgniter\CodeIgniter->handleRequest(NULL, Object(Config\Cache), false)
#4 /home/99/syd1601/services.dreamhive.co.jp/realestate/index.php(37): CodeIgniter\CodeIgniter->run()
#5 {main}
CRITICAL - 2023-01-14 07:29:38 --> A non-numeric value encountered
#0 /home/99/syd1601/services.dreamhive.co.jp/realestate/app/Controllers/Evaluation.php(33): CodeIgniter\Debug\Exceptions->errorHandler(2, 'A non-numeric v...', '/home/99/syd160...', 33, Array)
#1 /home/99/syd1601/services.dreamhive.co.jp/realestate/system/CodeIgniter.php(832): App\Controllers\Evaluation->getEvaluationValues()
#2 /home/99/syd1601/services.dreamhive.co.jp/realestate/system/CodeIgniter.php(419): CodeIgniter\CodeIgniter->runController(Object(App\Controllers\Evaluation))
#3 /home/99/syd1601/services.dreamhive.co.jp/realestate/system/CodeIgniter.php(326): CodeIgniter\CodeIgniter->handleRequest(NULL, Object(Config\Cache), false)
#4 /home/99/syd1601/services.dreamhive.co.jp/realestate/index.php(37): CodeIgniter\CodeIgniter->run()
#5 {main}
CRITICAL - 2023-01-14 07:29:41 --> A non-numeric value encountered
#0 /home/99/syd1601/services.dreamhive.co.jp/realestate/app/Controllers/Evaluation.php(33): CodeIgniter\Debug\Exceptions->errorHandler(2, 'A non-numeric v...', '/home/99/syd160...', 33, Array)
#1 /home/99/syd1601/services.dreamhive.co.jp/realestate/system/CodeIgniter.php(832): App\Controllers\Evaluation->getEvaluationValues()
#2 /home/99/syd1601/services.dreamhive.co.jp/realestate/system/CodeIgniter.php(419): CodeIgniter\CodeIgniter->runController(Object(App\Controllers\Evaluation))
#3 /home/99/syd1601/services.dreamhive.co.jp/realestate/system/CodeIgniter.php(326): CodeIgniter\CodeIgniter->handleRequest(NULL, Object(Config\Cache), false)
#4 /home/99/syd1601/services.dreamhive.co.jp/realestate/index.php(37): CodeIgniter\CodeIgniter->run()
#5 {main}
CRITICAL - 2023-01-14 07:29:42 --> A non-numeric value encountered
#0 /home/99/syd1601/services.dreamhive.co.jp/realestate/app/Controllers/Evaluation.php(33): CodeIgniter\Debug\Exceptions->errorHandler(2, 'A non-numeric v...', '/home/99/syd160...', 33, Array)
#1 /home/99/syd1601/services.dreamhive.co.jp/realestate/system/CodeIgniter.php(832): App\Controllers\Evaluation->getEvaluationValues()
#2 /home/99/syd1601/services.dreamhive.co.jp/realestate/system/CodeIgniter.php(419): CodeIgniter\CodeIgniter->runController(Object(App\Controllers\Evaluation))
#3 /home/99/syd1601/services.dreamhive.co.jp/realestate/system/CodeIgniter.php(326): CodeIgniter\CodeIgniter->handleRequest(NULL, Object(Config\Cache), false)
#4 /home/99/syd1601/services.dreamhive.co.jp/realestate/index.php(37): CodeIgniter\CodeIgniter->run()
#5 {main}
CRITICAL - 2023-01-14 07:29:44 --> A non-numeric value encountered
#0 /home/99/syd1601/services.dreamhive.co.jp/realestate/app/Controllers/Evaluation.php(50): CodeIgniter\Debug\Exceptions->errorHandler(2, 'A non-numeric v...', '/home/99/syd160...', 50, Array)
#1 /home/99/syd1601/services.dreamhive.co.jp/realestate/system/CodeIgniter.php(832): App\Controllers\Evaluation->getEvaluationValues()
#2 /home/99/syd1601/services.dreamhive.co.jp/realestate/system/CodeIgniter.php(419): CodeIgniter\CodeIgniter->runController(Object(App\Controllers\Evaluation))
#3 /home/99/syd1601/services.dreamhive.co.jp/realestate/system/CodeIgniter.php(326): CodeIgniter\CodeIgniter->handleRequest(NULL, Object(Config\Cache), false)
#4 /home/99/syd1601/services.dreamhive.co.jp/realestate/index.php(37): CodeIgniter\CodeIgniter->run()
#5 {main}
CRITICAL - 2023-01-14 07:29:45 --> A non-numeric value encountered
#0 /home/99/syd1601/services.dreamhive.co.jp/realestate/app/Controllers/Evaluation.php(50): CodeIgniter\Debug\Exceptions->errorHandler(2, 'A non-numeric v...', '/home/99/syd160...', 50, Array)
#1 /home/99/syd1601/services.dreamhive.co.jp/realestate/system/CodeIgniter.php(832): App\Controllers\Evaluation->getEvaluationValues()
#2 /home/99/syd1601/services.dreamhive.co.jp/realestate/system/CodeIgniter.php(419): CodeIgniter\CodeIgniter->runController(Object(App\Controllers\Evaluation))
#3 /home/99/syd1601/services.dreamhive.co.jp/realestate/system/CodeIgniter.php(326): CodeIgniter\CodeIgniter->handleRequest(NULL, Object(Config\Cache), false)
#4 /home/99/syd1601/services.dreamhive.co.jp/realestate/index.php(37): CodeIgniter\CodeIgniter->run()
#5 {main}
CRITICAL - 2023-01-14 07:29:48 --> A non-numeric value encountered
#0 /home/99/syd1601/services.dreamhive.co.jp/realestate/app/Controllers/Evaluation.php(50): CodeIgniter\Debug\Exceptions->errorHandler(2, 'A non-numeric v...', '/home/99/syd160...', 50, Array)
#1 /home/99/syd1601/services.dreamhive.co.jp/realestate/system/CodeIgniter.php(832): App\Controllers\Evaluation->getEvaluationValues()
#2 /home/99/syd1601/services.dreamhive.co.jp/realestate/system/CodeIgniter.php(419): CodeIgniter\CodeIgniter->runController(Object(App\Controllers\Evaluation))
#3 /home/99/syd1601/services.dreamhive.co.jp/realestate/system/CodeIgniter.php(326): CodeIgniter\CodeIgniter->handleRequest(NULL, Object(Config\Cache), false)
#4 /home/99/syd1601/services.dreamhive.co.jp/realestate/index.php(37): CodeIgniter\CodeIgniter->run()
#5 {main}
CRITICAL - 2023-01-14 07:29:48 --> A non-numeric value encountered
#0 /home/99/syd1601/services.dreamhive.co.jp/realestate/app/Controllers/Evaluation.php(50): CodeIgniter\Debug\Exceptions->errorHandler(2, 'A non-numeric v...', '/home/99/syd160...', 50, Array)
#1 /home/99/syd1601/services.dreamhive.co.jp/realestate/system/CodeIgniter.php(832): App\Controllers\Evaluation->getEvaluationValues()
#2 /home/99/syd1601/services.dreamhive.co.jp/realestate/system/CodeIgniter.php(419): CodeIgniter\CodeIgniter->runController(Object(App\Controllers\Evaluation))
#3 /home/99/syd1601/services.dreamhive.co.jp/realestate/system/CodeIgniter.php(326): CodeIgniter\CodeIgniter->handleRequest(NULL, Object(Config\Cache), false)
#4 /home/99/syd1601/services.dreamhive.co.jp/realestate/index.php(37): CodeIgniter\CodeIgniter->run()
#5 {main}
CRITICAL - 2023-01-14 07:29:51 --> A non-numeric value encountered
#0 /home/99/syd1601/services.dreamhive.co.jp/realestate/app/Controllers/Evaluation.php(50): CodeIgniter\Debug\Exceptions->errorHandler(2, 'A non-numeric v...', '/home/99/syd160...', 50, Array)
#1 /home/99/syd1601/services.dreamhive.co.jp/realestate/system/CodeIgniter.php(832): App\Controllers\Evaluation->getEvaluationValues()
#2 /home/99/syd1601/services.dreamhive.co.jp/realestate/system/CodeIgniter.php(419): CodeIgniter\CodeIgniter->runController(Object(App\Controllers\Evaluation))
#3 /home/99/syd1601/services.dreamhive.co.jp/realestate/system/CodeIgniter.php(326): CodeIgniter\CodeIgniter->handleRequest(NULL, Object(Config\Cache), false)
#4 /home/99/syd1601/services.dreamhive.co.jp/realestate/index.php(37): CodeIgniter\CodeIgniter->run()
#5 {main}
CRITICAL - 2023-01-14 07:29:52 --> A non-numeric value encountered
#0 /home/99/syd1601/services.dreamhive.co.jp/realestate/app/Controllers/Evaluation.php(50): CodeIgniter\Debug\Exceptions->errorHandler(2, 'A non-numeric v...', '/home/99/syd160...', 50, Array)
#1 /home/99/syd1601/services.dreamhive.co.jp/realestate/system/CodeIgniter.php(832): App\Controllers\Evaluation->getEvaluationValues()
#2 /home/99/syd1601/services.dreamhive.co.jp/realestate/system/CodeIgniter.php(419): CodeIgniter\CodeIgniter->runController(Object(App\Controllers\Evaluation))
#3 /home/99/syd1601/services.dreamhive.co.jp/realestate/system/CodeIgniter.php(326): CodeIgniter\CodeIgniter->handleRequest(NULL, Object(Config\Cache), false)
#4 /home/99/syd1601/services.dreamhive.co.jp/realestate/index.php(37): CodeIgniter\CodeIgniter->run()
#5 {main}
CRITICAL - 2023-01-14 07:29:56 --> A non-numeric value encountered
#0 /home/99/syd1601/services.dreamhive.co.jp/realestate/app/Controllers/Evaluation.php(50): CodeIgniter\Debug\Exceptions->errorHandler(2, 'A non-numeric v...', '/home/99/syd160...', 50, Array)
#1 /home/99/syd1601/services.dreamhive.co.jp/realestate/system/CodeIgniter.php(832): App\Controllers\Evaluation->getEvaluationValues()
#2 /home/99/syd1601/services.dreamhive.co.jp/realestate/system/CodeIgniter.php(419): CodeIgniter\CodeIgniter->runController(Object(App\Controllers\Evaluation))
#3 /home/99/syd1601/services.dreamhive.co.jp/realestate/system/CodeIgniter.php(326): CodeIgniter\CodeIgniter->handleRequest(NULL, Object(Config\Cache), false)
#4 /home/99/syd1601/services.dreamhive.co.jp/realestate/index.php(37): CodeIgniter\CodeIgniter->run()
#5 {main}
CRITICAL - 2023-01-14 07:29:57 --> A non-numeric value encountered
#0 /home/99/syd1601/services.dreamhive.co.jp/realestate/app/Controllers/Evaluation.php(50): CodeIgniter\Debug\Exceptions->errorHandler(2, 'A non-numeric v...', '/home/99/syd160...', 50, Array)
#1 /home/99/syd1601/services.dreamhive.co.jp/realestate/system/CodeIgniter.php(832): App\Controllers\Evaluation->getEvaluationValues()
#2 /home/99/syd1601/services.dreamhive.co.jp/realestate/system/CodeIgniter.php(419): CodeIgniter\CodeIgniter->runController(Object(App\Controllers\Evaluation))
#3 /home/99/syd1601/services.dreamhive.co.jp/realestate/system/CodeIgniter.php(326): CodeIgniter\CodeIgniter->handleRequest(NULL, Object(Config\Cache), false)
#4 /home/99/syd1601/services.dreamhive.co.jp/realestate/index.php(37): CodeIgniter\CodeIgniter->run()
#5 {main}
CRITICAL - 2023-01-14 07:30:00 --> A non-numeric value encountered
#0 /home/99/syd1601/services.dreamhive.co.jp/realestate/app/Controllers/Evaluation.php(50): CodeIgniter\Debug\Exceptions->errorHandler(2, 'A non-numeric v...', '/home/99/syd160...', 50, Array)
#1 /home/99/syd1601/services.dreamhive.co.jp/realestate/system/CodeIgniter.php(832): App\Controllers\Evaluation->getEvaluationValues()
#2 /home/99/syd1601/services.dreamhive.co.jp/realestate/system/CodeIgniter.php(419): CodeIgniter\CodeIgniter->runController(Object(App\Controllers\Evaluation))
#3 /home/99/syd1601/services.dreamhive.co.jp/realestate/system/CodeIgniter.php(326): CodeIgniter\CodeIgniter->handleRequest(NULL, Object(Config\Cache), false)
#4 /home/99/syd1601/services.dreamhive.co.jp/realestate/index.php(37): CodeIgniter\CodeIgniter->run()
#5 {main}
CRITICAL - 2023-01-14 07:30:00 --> A non-numeric value encountered
#0 /home/99/syd1601/services.dreamhive.co.jp/realestate/app/Controllers/Evaluation.php(50): CodeIgniter\Debug\Exceptions->errorHandler(2, 'A non-numeric v...', '/home/99/syd160...', 50, Array)
#1 /home/99/syd1601/services.dreamhive.co.jp/realestate/system/CodeIgniter.php(832): App\Controllers\Evaluation->getEvaluationValues()
#2 /home/99/syd1601/services.dreamhive.co.jp/realestate/system/CodeIgniter.php(419): CodeIgniter\CodeIgniter->runController(Object(App\Controllers\Evaluation))
#3 /home/99/syd1601/services.dreamhive.co.jp/realestate/system/CodeIgniter.php(326): CodeIgniter\CodeIgniter->handleRequest(NULL, Object(Config\Cache), false)
#4 /home/99/syd1601/services.dreamhive.co.jp/realestate/index.php(37): CodeIgniter\CodeIgniter->run()
#5 {main}
CRITICAL - 2023-01-14 07:30:02 --> A non-numeric value encountered
#0 /home/99/syd1601/services.dreamhive.co.jp/realestate/app/Controllers/Evaluation.php(50): CodeIgniter\Debug\Exceptions->errorHandler(2, 'A non-numeric v...', '/home/99/syd160...', 50, Array)
#1 /home/99/syd1601/services.dreamhive.co.jp/realestate/system/CodeIgniter.php(832): App\Controllers\Evaluation->getEvaluationValues()
#2 /home/99/syd1601/services.dreamhive.co.jp/realestate/system/CodeIgniter.php(419): CodeIgniter\CodeIgniter->runController(Object(App\Controllers\Evaluation))
#3 /home/99/syd1601/services.dreamhive.co.jp/realestate/system/CodeIgniter.php(326): CodeIgniter\CodeIgniter->handleRequest(NULL, Object(Config\Cache), false)
#4 /home/99/syd1601/services.dreamhive.co.jp/realestate/index.php(37): CodeIgniter\CodeIgniter->run()
#5 {main}
CRITICAL - 2023-01-14 07:30:07 --> count(): Parameter must be an array or an object that implements Countable
#0 [internal function]: CodeIgniter\Debug\Exceptions->errorHandler(2, 'count(): Parame...', '/home/99/syd160...', 353, Array)
#1 /home/99/syd1601/services.dreamhive.co.jp/realestate/app/Models/IntegrationModel.php(353): count('0')
#2 /home/99/syd1601/services.dreamhive.co.jp/realestate/app/Models/IntegrationModel.php(368): App\Models\IntegrationModel->getBuildingPrice()
#3 /home/99/syd1601/services.dreamhive.co.jp/realestate/app/Models/IntegrationModel.php(124): App\Models\IntegrationModel->getCurrentPrice()
#4 /home/99/syd1601/services.dreamhive.co.jp/realestate/app/Models/IntegrationModel.php(292): App\Models\IntegrationModel->setParams(Array)
#5 /home/99/syd1601/services.dreamhive.co.jp/realestate/app/Controllers/Evaluation.php(53): App\Models\IntegrationModel->getResults(Array)
#6 /home/99/syd1601/services.dreamhive.co.jp/realestate/system/CodeIgniter.php(832): App\Controllers\Evaluation->getEvaluationValues()
#7 /home/99/syd1601/services.dreamhive.co.jp/realestate/system/CodeIgniter.php(419): CodeIgniter\CodeIgniter->runController(Object(App\Controllers\Evaluation))
#8 /home/99/syd1601/services.dreamhive.co.jp/realestate/system/CodeIgniter.php(326): CodeIgniter\CodeIgniter->handleRequest(NULL, Object(Config\Cache), false)
#9 /home/99/syd1601/services.dreamhive.co.jp/realestate/index.php(37): CodeIgniter\CodeIgniter->run()
#10 {main}
CRITICAL - 2023-01-14 07:30:07 --> count(): Parameter must be an array or an object that implements Countable
#0 [internal function]: CodeIgniter\Debug\Exceptions->errorHandler(2, 'count(): Parame...', '/home/99/syd160...', 353, Array)
#1 /home/99/syd1601/services.dreamhive.co.jp/realestate/app/Models/IntegrationModel.php(353): count('0')
#2 /home/99/syd1601/services.dreamhive.co.jp/realestate/app/Models/IntegrationModel.php(368): App\Models\IntegrationModel->getBuildingPrice()
#3 /home/99/syd1601/services.dreamhive.co.jp/realestate/app/Models/IntegrationModel.php(124): App\Models\IntegrationModel->getCurrentPrice()
#4 /home/99/syd1601/services.dreamhive.co.jp/realestate/app/Models/IntegrationModel.php(292): App\Models\IntegrationModel->setParams(Array)
#5 /home/99/syd1601/services.dreamhive.co.jp/realestate/app/Controllers/Evaluation.php(53): App\Models\IntegrationModel->getResults(Array)
#6 /home/99/syd1601/services.dreamhive.co.jp/realestate/system/CodeIgniter.php(832): App\Controllers\Evaluation->getEvaluationValues()
#7 /home/99/syd1601/services.dreamhive.co.jp/realestate/system/CodeIgniter.php(419): CodeIgniter\CodeIgniter->runController(Object(App\Controllers\Evaluation))
#8 /home/99/syd1601/services.dreamhive.co.jp/realestate/system/CodeIgniter.php(326): CodeIgniter\CodeIgniter->handleRequest(NULL, Object(Config\Cache), false)
#9 /home/99/syd1601/services.dreamhive.co.jp/realestate/index.php(37): CodeIgniter\CodeIgniter->run()
#10 {main}
CRITICAL - 2023-01-14 07:30:10 --> count(): Parameter must be an array or an object that implements Countable
#0 [internal function]: CodeIgniter\Debug\Exceptions->errorHandler(2, 'count(): Parame...', '/home/99/syd160...', 353, Array)
#1 /home/99/syd1601/services.dreamhive.co.jp/realestate/app/Models/IntegrationModel.php(353): count('0')
#2 /home/99/syd1601/services.dreamhive.co.jp/realestate/app/Models/IntegrationModel.php(368): App\Models\IntegrationModel->getBuildingPrice()
#3 /home/99/syd1601/services.dreamhive.co.jp/realestate/app/Models/IntegrationModel.php(124): App\Models\IntegrationModel->getCurrentPrice()
#4 /home/99/syd1601/services.dreamhive.co.jp/realestate/app/Models/IntegrationModel.php(292): App\Models\IntegrationModel->setParams(Array)
#5 /home/99/syd1601/services.dreamhive.co.jp/realestate/app/Controllers/Evaluation.php(53): App\Models\IntegrationModel->getResults(Array)
#6 /home/99/syd1601/services.dreamhive.co.jp/realestate/system/CodeIgniter.php(832): App\Controllers\Evaluation->getEvaluationValues()
#7 /home/99/syd1601/services.dreamhive.co.jp/realestate/system/CodeIgniter.php(419): CodeIgniter\CodeIgniter->runController(Object(App\Controllers\Evaluation))
#8 /home/99/syd1601/services.dreamhive.co.jp/realestate/system/CodeIgniter.php(326): CodeIgniter\CodeIgniter->handleRequest(NULL, Object(Config\Cache), false)
#9 /home/99/syd1601/services.dreamhive.co.jp/realestate/index.php(37): CodeIgniter\CodeIgniter->run()
#10 {main}
CRITICAL - 2023-01-14 07:30:11 --> count(): Parameter must be an array or an object that implements Countable
#0 [internal function]: CodeIgniter\Debug\Exceptions->errorHandler(2, 'count(): Parame...', '/home/99/syd160...', 353, Array)
#1 /home/99/syd1601/services.dreamhive.co.jp/realestate/app/Models/IntegrationModel.php(353): count('0')
#2 /home/99/syd1601/services.dreamhive.co.jp/realestate/app/Models/IntegrationModel.php(368): App\Models\IntegrationModel->getBuildingPrice()
#3 /home/99/syd1601/services.dreamhive.co.jp/realestate/app/Models/IntegrationModel.php(124): App\Models\IntegrationModel->getCurrentPrice()
#4 /home/99/syd1601/services.dreamhive.co.jp/realestate/app/Models/IntegrationModel.php(292): App\Models\IntegrationModel->setParams(Array)
#5 /home/99/syd1601/services.dreamhive.co.jp/realestate/app/Controllers/Evaluation.php(53): App\Models\IntegrationModel->getResults(Array)
#6 /home/99/syd1601/services.dreamhive.co.jp/realestate/system/CodeIgniter.php(832): App\Controllers\Evaluation->getEvaluationValues()
#7 /home/99/syd1601/services.dreamhive.co.jp/realestate/system/CodeIgniter.php(419): CodeIgniter\CodeIgniter->runController(Object(App\Controllers\Evaluation))
#8 /home/99/syd1601/services.dreamhive.co.jp/realestate/system/CodeIgniter.php(326): CodeIgniter\CodeIgniter->handleRequest(NULL, Object(Config\Cache), false)
#9 /home/99/syd1601/services.dreamhive.co.jp/realestate/index.php(37): CodeIgniter\CodeIgniter->run()
#10 {main}
